mode: set
github.com/r-moraru/tema-TSS/network/rpc_network/network.go:23.71,25.16 2 0
github.com/r-moraru/tema-TSS/network/rpc_network/network.go:25.16,27.3 1 0
github.com/r-moraru/tema-TSS/network/rpc_network/network.go:28.2,30.15 3 0
github.com/r-moraru/tema-TSS/network/rpc_network/network.go:33.92,35.58 2 0
github.com/r-moraru/tema-TSS/network/rpc_network/network.go:35.58,37.17 2 0
github.com/r-moraru/tema-TSS/network/rpc_network/network.go:37.17,39.4 1 0
github.com/r-moraru/tema-TSS/network/rpc_network/network.go:41.2,41.14 1 0
github.com/r-moraru/tema-TSS/network/rpc_network/network.go:44.117,46.16 2 1
github.com/r-moraru/tema-TSS/network/rpc_network/network.go:46.16,48.3 1 0
github.com/r-moraru/tema-TSS/network/rpc_network/network.go:50.2,57.24 2 1
github.com/r-moraru/tema-TSS/network/rpc_network/network.go:60.70,62.66 2 1
github.com/r-moraru/tema-TSS/network/rpc_network/network.go:62.66,64.3 1 1
github.com/r-moraru/tema-TSS/network/rpc_network/network.go:65.2,65.21 1 1
github.com/r-moraru/tema-TSS/network/rpc_network/network.go:68.65,70.76 2 1
github.com/r-moraru/tema-TSS/network/rpc_network/network.go:70.76,72.3 1 1
github.com/r-moraru/tema-TSS/network/rpc_network/network.go:73.2,73.21 1 1
github.com/r-moraru/tema-TSS/network/rpc_network/network.go:76.46,78.37 2 1
github.com/r-moraru/tema-TSS/network/rpc_network/network.go:78.37,79.13 1 1
github.com/r-moraru/tema-TSS/network/rpc_network/network.go:79.13,81.12 2 0
github.com/r-moraru/tema-TSS/network/rpc_network/network.go:83.3,85.72 3 1
github.com/r-moraru/tema-TSS/network/rpc_network/network.go:89.56,91.53 2 1
github.com/r-moraru/tema-TSS/network/rpc_network/network.go:91.53,93.3 1 1
github.com/r-moraru/tema-TSS/network/rpc_network/network.go:94.2,94.21 1 1
github.com/r-moraru/tema-TSS/network/rpc_network/network.go:97.47,98.42 1 1
github.com/r-moraru/tema-TSS/network/rpc_network/network.go:98.42,108.17 4 1
github.com/r-moraru/tema-TSS/network/rpc_network/network.go:108.17,109.12 1 0
github.com/r-moraru/tema-TSS/network/rpc_network/network.go:111.3,111.34 1 1
github.com/r-moraru/tema-TSS/network/rpc_network/network.go:111.34,113.4 1 1
github.com/r-moraru/tema-TSS/network/rpc_network/network.go:117.62,120.30 3 1
github.com/r-moraru/tema-TSS/network/rpc_network/network.go:120.30,122.3 1 1
github.com/r-moraru/tema-TSS/network/rpc_network/network.go:123.2,126.33 4 1
github.com/r-moraru/tema-TSS/network/rpc_network/network.go:126.33,135.3 2 1
github.com/r-moraru/tema-TSS/network/rpc_network/network.go:136.2,136.57 1 1
github.com/r-moraru/tema-TSS/network/rpc_network/network.go:139.44,141.58 2 1
github.com/r-moraru/tema-TSS/network/rpc_network/network.go:141.58,143.3 1 1
github.com/r-moraru/tema-TSS/network/rpc_network/network.go:144.2,144.20 1 1
github.com/r-moraru/tema-TSS/network/rpc_network/network.go:147.29,149.2 1 1
