mode: set
github.com/r-moraru/tema-TSS/main.go:3.14,4.2 0 0
github.com/r-moraru/tema-TSS/network/mocks/Network.go:21.47,23.2 1 0
github.com/r-moraru/tema-TSS/network/mocks/Network.go:26.54,29.19 2 0
github.com/r-moraru/tema-TSS/network/mocks/Network.go:29.19,30.59 1 0
github.com/r-moraru/tema-TSS/network/mocks/Network.go:33.2,34.53 2 0
github.com/r-moraru/tema-TSS/network/mocks/Network.go:34.53,36.3 1 0
github.com/r-moraru/tema-TSS/network/mocks/Network.go:36.8,37.24 1 0
github.com/r-moraru/tema-TSS/network/mocks/Network.go:37.24,39.4 1 0
github.com/r-moraru/tema-TSS/network/mocks/Network.go:42.2,42.11 1 0
github.com/r-moraru/tema-TSS/network/mocks/Network.go:51.81,53.2 1 0
github.com/r-moraru/tema-TSS/network/mocks/Network.go:55.91,56.40 1 0
github.com/r-moraru/tema-TSS/network/mocks/Network.go:56.40,58.3 1 0
github.com/r-moraru/tema-TSS/network/mocks/Network.go:59.2,59.11 1 0
github.com/r-moraru/tema-TSS/network/mocks/Network.go:62.101,65.2 2 0
github.com/r-moraru/tema-TSS/network/mocks/Network.go:67.114,70.2 2 0
github.com/r-moraru/tema-TSS/network/mocks/Network.go:73.58,76.19 2 0
github.com/r-moraru/tema-TSS/network/mocks/Network.go:76.19,77.50 1 0
github.com/r-moraru/tema-TSS/network/mocks/Network.go:80.2,81.62 2 0
github.com/r-moraru/tema-TSS/network/mocks/Network.go:81.62,83.3 1 0
github.com/r-moraru/tema-TSS/network/mocks/Network.go:83.8,84.24 1 0
github.com/r-moraru/tema-TSS/network/mocks/Network.go:84.24,86.4 1 0
github.com/r-moraru/tema-TSS/network/mocks/Network.go:89.2,89.11 1 0
github.com/r-moraru/tema-TSS/network/mocks/Network.go:99.78,101.2 1 0
github.com/r-moraru/tema-TSS/network/mocks/Network.go:103.83,104.40 1 0
github.com/r-moraru/tema-TSS/network/mocks/Network.go:104.40,106.3 1 0
github.com/r-moraru/tema-TSS/network/mocks/Network.go:107.2,107.11 1 0
github.com/r-moraru/tema-TSS/network/mocks/Network.go:110.86,113.2 2 0
github.com/r-moraru/tema-TSS/network/mocks/Network.go:115.105,118.2 2 0
github.com/r-moraru/tema-TSS/network/mocks/Network.go:121.63,124.19 2 0
github.com/r-moraru/tema-TSS/network/mocks/Network.go:124.19,125.55 1 0
github.com/r-moraru/tema-TSS/network/mocks/Network.go:128.2,129.66 2 0
github.com/r-moraru/tema-TSS/network/mocks/Network.go:129.66,131.3 1 0
github.com/r-moraru/tema-TSS/network/mocks/Network.go:131.8,132.24 1 0
github.com/r-moraru/tema-TSS/network/mocks/Network.go:132.24,134.4 1 0
github.com/r-moraru/tema-TSS/network/mocks/Network.go:137.2,137.11 1 0
github.com/r-moraru/tema-TSS/network/mocks/Network.go:146.73,148.2 1 0
github.com/r-moraru/tema-TSS/network/mocks/Network.go:150.83,151.40 1 0
github.com/r-moraru/tema-TSS/network/mocks/Network.go:151.40,153.3 1 0
github.com/r-moraru/tema-TSS/network/mocks/Network.go:154.2,154.11 1 0
github.com/r-moraru/tema-TSS/network/mocks/Network.go:157.106,160.2 2 0
github.com/r-moraru/tema-TSS/network/mocks/Network.go:162.119,165.2 2 0
github.com/r-moraru/tema-TSS/network/mocks/Network.go:168.42,171.19 2 0
github.com/r-moraru/tema-TSS/network/mocks/Network.go:171.19,172.49 1 0
github.com/r-moraru/tema-TSS/network/mocks/Network.go:175.2,176.51 2 0
github.com/r-moraru/tema-TSS/network/mocks/Network.go:176.51,178.3 1 0
github.com/r-moraru/tema-TSS/network/mocks/Network.go:178.8,179.24 1 0
github.com/r-moraru/tema-TSS/network/mocks/Network.go:179.24,181.4 1 0
github.com/r-moraru/tema-TSS/network/mocks/Network.go:184.2,184.11 1 0
github.com/r-moraru/tema-TSS/network/mocks/Network.go:193.61,195.2 1 0
github.com/r-moraru/tema-TSS/network/mocks/Network.go:197.71,198.40 1 0
github.com/r-moraru/tema-TSS/network/mocks/Network.go:198.40,200.3 1 0
github.com/r-moraru/tema-TSS/network/mocks/Network.go:201.2,201.11 1 0
github.com/r-moraru/tema-TSS/network/mocks/Network.go:204.79,207.2 2 0
github.com/r-moraru/tema-TSS/network/mocks/Network.go:209.92,212.2 2 0
github.com/r-moraru/tema-TSS/network/mocks/Network.go:215.47,217.2 1 0
github.com/r-moraru/tema-TSS/network/mocks/Network.go:226.80,228.2 1 0
github.com/r-moraru/tema-TSS/network/mocks/Network.go:230.90,231.40 1 0
github.com/r-moraru/tema-TSS/network/mocks/Network.go:231.40,233.3 1 0
github.com/r-moraru/tema-TSS/network/mocks/Network.go:234.2,234.11 1 0
github.com/r-moraru/tema-TSS/network/mocks/Network.go:237.68,240.2 2 0
github.com/r-moraru/tema-TSS/network/mocks/Network.go:242.95,245.2 2 0
github.com/r-moraru/tema-TSS/network/mocks/Network.go:248.62,250.2 1 0
github.com/r-moraru/tema-TSS/network/mocks/Network.go:259.90,261.2 1 0
github.com/r-moraru/tema-TSS/network/mocks/Network.go:263.110,264.40 1 0
github.com/r-moraru/tema-TSS/network/mocks/Network.go:264.40,266.3 1 0
github.com/r-moraru/tema-TSS/network/mocks/Network.go:267.2,267.11 1 0
github.com/r-moraru/tema-TSS/network/mocks/Network.go:270.78,273.2 2 0
github.com/r-moraru/tema-TSS/network/mocks/Network.go:275.115,278.2 2 0
github.com/r-moraru/tema-TSS/network/mocks/Network.go:285.13,289.19 3 0
github.com/r-moraru/tema-TSS/network/mocks/Network.go:289.19,289.49 1 0
github.com/r-moraru/tema-TSS/network/mocks/Network.go:291.2,291.13 1 0
github.com/r-moraru/tema-TSS/network/rpc_network/server/rpc_network_server.go:19.99,30.26 3 0
github.com/r-moraru/tema-TSS/network/rpc_network/server/rpc_network_server.go:30.26,33.3 2 0
github.com/r-moraru/tema-TSS/network/rpc_network/server/rpc_network_server.go:35.2,35.17 1 0
github.com/r-moraru/tema-TSS/network/rpc_network/server/rpc_network_server.go:38.122,44.2 3 0
github.com/r-moraru/tema-TSS/network/rpc_network/server/rpc_network_server.go:46.114,50.45 3 0
github.com/r-moraru/tema-TSS/network/rpc_network/server/rpc_network_server.go:50.45,59.3 2 0
github.com/r-moraru/tema-TSS/network/rpc_network/server/rpc_network_server.go:61.2,63.17 2 0
github.com/r-moraru/tema-TSS/blockchain/blockchain.go:17.56,18.24 1 1
github.com/r-moraru/tema-TSS/blockchain/blockchain.go:18.24,20.3 1 1
github.com/r-moraru/tema-TSS/blockchain/blockchain.go:21.2,22.57 2 1
github.com/r-moraru/tema-TSS/blockchain/blockchain.go:22.57,24.3 1 1
github.com/r-moraru/tema-TSS/blockchain/blockchain.go:25.2,26.12 2 1
github.com/r-moraru/tema-TSS/blockchain/blockchain.go:29.38,31.2 1 1
github.com/r-moraru/tema-TSS/blockchain/blockchain.go:33.58,35.27 2 1
github.com/r-moraru/tema-TSS/blockchain/blockchain.go:35.27,37.3 1 1
github.com/r-moraru/tema-TSS/blockchain/blockchain.go:38.2,38.46 1 1
github.com/r-moraru/tema-TSS/blockchain/blockchain.go:41.71,43.16 2 1
github.com/r-moraru/tema-TSS/blockchain/blockchain.go:43.16,45.3 1 1
github.com/r-moraru/tema-TSS/blockchain/blockchain.go:46.2,46.57 1 1
github.com/r-moraru/tema-TSS/blockchain/blockchain.go:50.40,54.2 3 0
github.com/r-moraru/tema-TSS/network/rpc_network/proto/rpc_network.pb.go:31.40,33.29 2 0
github.com/r-moraru/tema-TSS/network/rpc_network/proto/rpc_network.pb.go:33.29,37.3 3 0
github.com/r-moraru/tema-TSS/network/rpc_network/proto/rpc_network.pb.go:40.48,42.2 1 0
github.com/r-moraru/tema-TSS/network/rpc_network/proto/rpc_network.pb.go:44.46,44.47 0 0
github.com/r-moraru/tema-TSS/network/rpc_network/proto/rpc_network.pb.go:46.68,48.41 2 0
github.com/r-moraru/tema-TSS/network/rpc_network/proto/rpc_network.pb.go:48.41,50.34 2 0
github.com/r-moraru/tema-TSS/network/rpc_network/proto/rpc_network.pb.go:50.34,52.4 1 0
github.com/r-moraru/tema-TSS/network/rpc_network/proto/rpc_network.pb.go:53.3,53.12 1 0
github.com/r-moraru/tema-TSS/network/rpc_network/proto/rpc_network.pb.go:55.2,55.24 1 0
github.com/r-moraru/tema-TSS/network/rpc_network/proto/rpc_network.pb.go:59.59,61.2 1 0
github.com/r-moraru/tema-TSS/network/rpc_network/proto/rpc_network.pb.go:63.51,64.14 1 0
github.com/r-moraru/tema-TSS/network/rpc_network/proto/rpc_network.pb.go:64.14,66.3 1 0
github.com/r-moraru/tema-TSS/network/rpc_network/proto/rpc_network.pb.go:67.2,67.11 1 0
github.com/r-moraru/tema-TSS/network/rpc_network/proto/rpc_network.pb.go:82.25,84.29 2 0
github.com/r-moraru/tema-TSS/network/rpc_network/proto/rpc_network.pb.go:84.29,88.3 3 0
github.com/r-moraru/tema-TSS/network/rpc_network/proto/rpc_network.pb.go:91.33,93.2 1 0
github.com/r-moraru/tema-TSS/network/rpc_network/proto/rpc_network.pb.go:95.31,95.32 0 0
github.com/r-moraru/tema-TSS/network/rpc_network/proto/rpc_network.pb.go:97.53,99.41 2 0
github.com/r-moraru/tema-TSS/network/rpc_network/proto/rpc_network.pb.go:99.41,101.34 2 0
github.com/r-moraru/tema-TSS/network/rpc_network/proto/rpc_network.pb.go:101.34,103.4 1 0
github.com/r-moraru/tema-TSS/network/rpc_network/proto/rpc_network.pb.go:104.3,104.12 1 0
github.com/r-moraru/tema-TSS/network/rpc_network/proto/rpc_network.pb.go:106.2,106.24 1 0
github.com/r-moraru/tema-TSS/network/rpc_network/proto/rpc_network.pb.go:110.44,112.2 1 0
github.com/r-moraru/tema-TSS/network/rpc_network/proto/rpc_network.pb.go:114.34,115.14 1 0
github.com/r-moraru/tema-TSS/network/rpc_network/proto/rpc_network.pb.go:115.14,117.3 1 0
github.com/r-moraru/tema-TSS/network/rpc_network/proto/rpc_network.pb.go:118.2,118.11 1 0
github.com/r-moraru/tema-TSS/network/rpc_network/proto/rpc_network.pb.go:121.42,122.14 1 0
github.com/r-moraru/tema-TSS/network/rpc_network/proto/rpc_network.pb.go:122.14,124.3 1 0
github.com/r-moraru/tema-TSS/network/rpc_network/proto/rpc_network.pb.go:125.2,125.11 1 0
github.com/r-moraru/tema-TSS/network/rpc_network/proto/rpc_network.pb.go:128.38,129.14 1 0
github.com/r-moraru/tema-TSS/network/rpc_network/proto/rpc_network.pb.go:129.14,131.3 1 0
github.com/r-moraru/tema-TSS/network/rpc_network/proto/rpc_network.pb.go:132.2,132.10 1 0
github.com/r-moraru/tema-TSS/network/rpc_network/proto/rpc_network.pb.go:135.34,136.14 1 0
github.com/r-moraru/tema-TSS/network/rpc_network/proto/rpc_network.pb.go:136.14,138.3 1 0
github.com/r-moraru/tema-TSS/network/rpc_network/proto/rpc_network.pb.go:139.2,139.10 1 0
github.com/r-moraru/tema-TSS/network/rpc_network/proto/rpc_network.pb.go:142.34,143.14 1 0
github.com/r-moraru/tema-TSS/network/rpc_network/proto/rpc_network.pb.go:143.14,145.3 1 0
github.com/r-moraru/tema-TSS/network/rpc_network/proto/rpc_network.pb.go:146.2,146.11 1 0
github.com/r-moraru/tema-TSS/network/rpc_network/proto/rpc_network.pb.go:157.30,159.29 2 0
github.com/r-moraru/tema-TSS/network/rpc_network/proto/rpc_network.pb.go:159.29,163.3 3 0
github.com/r-moraru/tema-TSS/network/rpc_network/proto/rpc_network.pb.go:166.38,168.2 1 0
github.com/r-moraru/tema-TSS/network/rpc_network/proto/rpc_network.pb.go:170.36,170.37 0 0
github.com/r-moraru/tema-TSS/network/rpc_network/proto/rpc_network.pb.go:172.58,174.41 2 0
github.com/r-moraru/tema-TSS/network/rpc_network/proto/rpc_network.pb.go:174.41,176.34 2 0
github.com/r-moraru/tema-TSS/network/rpc_network/proto/rpc_network.pb.go:176.34,178.4 1 0
github.com/r-moraru/tema-TSS/network/rpc_network/proto/rpc_network.pb.go:179.3,179.12 1 0
github.com/r-moraru/tema-TSS/network/rpc_network/proto/rpc_network.pb.go:181.2,181.24 1 0
github.com/r-moraru/tema-TSS/network/rpc_network/proto/rpc_network.pb.go:185.49,187.2 1 0
github.com/r-moraru/tema-TSS/network/rpc_network/proto/rpc_network.pb.go:189.43,190.14 1 0
github.com/r-moraru/tema-TSS/network/rpc_network/proto/rpc_network.pb.go:190.14,192.3 1 0
github.com/r-moraru/tema-TSS/network/rpc_network/proto/rpc_network.pb.go:193.2,193.12 1 0
github.com/r-moraru/tema-TSS/network/rpc_network/proto/rpc_network.pb.go:204.37,206.29 2 0
github.com/r-moraru/tema-TSS/network/rpc_network/proto/rpc_network.pb.go:206.29,210.3 3 0
github.com/r-moraru/tema-TSS/network/rpc_network/proto/rpc_network.pb.go:213.45,215.2 1 0
github.com/r-moraru/tema-TSS/network/rpc_network/proto/rpc_network.pb.go:217.43,217.44 0 0
github.com/r-moraru/tema-TSS/network/rpc_network/proto/rpc_network.pb.go:219.65,221.41 2 0
github.com/r-moraru/tema-TSS/network/rpc_network/proto/rpc_network.pb.go:221.41,223.34 2 0
github.com/r-moraru/tema-TSS/network/rpc_network/proto/rpc_network.pb.go:223.34,225.4 1 0
github.com/r-moraru/tema-TSS/network/rpc_network/proto/rpc_network.pb.go:226.3,226.12 1 0
github.com/r-moraru/tema-TSS/network/rpc_network/proto/rpc_network.pb.go:228.2,228.24 1 0
github.com/r-moraru/tema-TSS/network/rpc_network/proto/rpc_network.pb.go:232.56,234.2 1 0
github.com/r-moraru/tema-TSS/network/rpc_network/proto/rpc_network.pb.go:236.48,237.14 1 0
github.com/r-moraru/tema-TSS/network/rpc_network/proto/rpc_network.pb.go:237.14,239.3 1 0
github.com/r-moraru/tema-TSS/network/rpc_network/proto/rpc_network.pb.go:240.2,240.14 1 0
github.com/r-moraru/tema-TSS/network/rpc_network/proto/rpc_network.pb.go:251.42,253.29 2 0
github.com/r-moraru/tema-TSS/network/rpc_network/proto/rpc_network.pb.go:253.29,257.3 3 0
github.com/r-moraru/tema-TSS/network/rpc_network/proto/rpc_network.pb.go:260.50,262.2 1 0
github.com/r-moraru/tema-TSS/network/rpc_network/proto/rpc_network.pb.go:264.48,264.49 0 0
github.com/r-moraru/tema-TSS/network/rpc_network/proto/rpc_network.pb.go:266.70,268.41 2 0
github.com/r-moraru/tema-TSS/network/rpc_network/proto/rpc_network.pb.go:268.41,270.34 2 0
github.com/r-moraru/tema-TSS/network/rpc_network/proto/rpc_network.pb.go:270.34,272.4 1 0
github.com/r-moraru/tema-TSS/network/rpc_network/proto/rpc_network.pb.go:273.3,273.12 1 0
github.com/r-moraru/tema-TSS/network/rpc_network/proto/rpc_network.pb.go:275.2,275.24 1 0
github.com/r-moraru/tema-TSS/network/rpc_network/proto/rpc_network.pb.go:279.61,281.2 1 0
github.com/r-moraru/tema-TSS/network/rpc_network/proto/rpc_network.pb.go:283.53,284.14 1 0
github.com/r-moraru/tema-TSS/network/rpc_network/proto/rpc_network.pb.go:284.14,286.3 1 0
github.com/r-moraru/tema-TSS/network/rpc_network/proto/rpc_network.pb.go:287.2,287.14 1 0
github.com/r-moraru/tema-TSS/network/rpc_network/proto/rpc_network.pb.go:296.41,298.29 2 0
github.com/r-moraru/tema-TSS/network/rpc_network/proto/rpc_network.pb.go:298.29,302.3 3 0
github.com/r-moraru/tema-TSS/network/rpc_network/proto/rpc_network.pb.go:305.49,307.2 1 0
github.com/r-moraru/tema-TSS/network/rpc_network/proto/rpc_network.pb.go:309.47,309.48 0 0
github.com/r-moraru/tema-TSS/network/rpc_network/proto/rpc_network.pb.go:311.69,313.41 2 0
github.com/r-moraru/tema-TSS/network/rpc_network/proto/rpc_network.pb.go:313.41,315.34 2 0
github.com/r-moraru/tema-TSS/network/rpc_network/proto/rpc_network.pb.go:315.34,317.4 1 0
github.com/r-moraru/tema-TSS/network/rpc_network/proto/rpc_network.pb.go:318.3,318.12 1 0
github.com/r-moraru/tema-TSS/network/rpc_network/proto/rpc_network.pb.go:320.2,320.24 1 0
github.com/r-moraru/tema-TSS/network/rpc_network/proto/rpc_network.pb.go:324.60,326.2 1 0
github.com/r-moraru/tema-TSS/network/rpc_network/proto/rpc_network.pb.go:380.50,381.47 1 0
github.com/r-moraru/tema-TSS/network/rpc_network/proto/rpc_network.pb.go:381.47,383.3 1 0
github.com/r-moraru/tema-TSS/network/rpc_network/proto/rpc_network.pb.go:384.2,384.43 1 0
github.com/r-moraru/tema-TSS/network/rpc_network/proto/rpc_network.pb.go:411.13,411.46 1 0
github.com/r-moraru/tema-TSS/network/rpc_network/proto/rpc_network.pb.go:412.36,413.35 1 0
github.com/r-moraru/tema-TSS/network/rpc_network/proto/rpc_network.pb.go:413.35,415.3 1 0
github.com/r-moraru/tema-TSS/network/rpc_network/proto/rpc_network.pb.go:416.2,416.30 1 0
github.com/r-moraru/tema-TSS/network/rpc_network/proto/rpc_network.pb.go:416.30,417.88 1 0
github.com/r-moraru/tema-TSS/network/rpc_network/proto/rpc_network.pb.go:417.88,418.45 1 0
github.com/r-moraru/tema-TSS/network/rpc_network/proto/rpc_network.pb.go:419.11,420.20 1 0
github.com/r-moraru/tema-TSS/network/rpc_network/proto/rpc_network.pb.go:421.11,422.24 1 0
github.com/r-moraru/tema-TSS/network/rpc_network/proto/rpc_network.pb.go:423.11,424.28 1 0
github.com/r-moraru/tema-TSS/network/rpc_network/proto/rpc_network.pb.go:425.12,426.15 1 0
github.com/r-moraru/tema-TSS/network/rpc_network/proto/rpc_network.pb.go:429.3,429.88 1 0
github.com/r-moraru/tema-TSS/network/rpc_network/proto/rpc_network.pb.go:429.88,430.30 1 0
github.com/r-moraru/tema-TSS/network/rpc_network/proto/rpc_network.pb.go:431.11,432.20 1 0
github.com/r-moraru/tema-TSS/network/rpc_network/proto/rpc_network.pb.go:433.11,434.24 1 0
github.com/r-moraru/tema-TSS/network/rpc_network/proto/rpc_network.pb.go:435.11,436.28 1 0
github.com/r-moraru/tema-TSS/network/rpc_network/proto/rpc_network.pb.go:437.12,438.15 1 0
github.com/r-moraru/tema-TSS/network/rpc_network/proto/rpc_network.pb.go:441.3,441.88 1 0
github.com/r-moraru/tema-TSS/network/rpc_network/proto/rpc_network.pb.go:441.88,442.35 1 0
github.com/r-moraru/tema-TSS/network/rpc_network/proto/rpc_network.pb.go:443.11,444.20 1 0
github.com/r-moraru/tema-TSS/network/rpc_network/proto/rpc_network.pb.go:445.11,446.24 1 0
github.com/r-moraru/tema-TSS/network/rpc_network/proto/rpc_network.pb.go:447.11,448.28 1 0
github.com/r-moraru/tema-TSS/network/rpc_network/proto/rpc_network.pb.go:449.12,450.15 1 0
github.com/r-moraru/tema-TSS/network/rpc_network/proto/rpc_network.pb.go:453.3,453.88 1 0
github.com/r-moraru/tema-TSS/network/rpc_network/proto/rpc_network.pb.go:453.88,454.42 1 0
github.com/r-moraru/tema-TSS/network/rpc_network/proto/rpc_network.pb.go:455.11,456.20 1 0
github.com/r-moraru/tema-TSS/network/rpc_network/proto/rpc_network.pb.go:457.11,458.24 1 0
github.com/r-moraru/tema-TSS/network/rpc_network/proto/rpc_network.pb.go:459.11,460.28 1 0
github.com/r-moraru/tema-TSS/network/rpc_network/proto/rpc_network.pb.go:461.12,462.15 1 0
github.com/r-moraru/tema-TSS/network/rpc_network/proto/rpc_network.pb.go:465.3,465.88 1 0
github.com/r-moraru/tema-TSS/network/rpc_network/proto/rpc_network.pb.go:465.88,466.47 1 0
github.com/r-moraru/tema-TSS/network/rpc_network/proto/rpc_network.pb.go:467.11,468.20 1 0
github.com/r-moraru/tema-TSS/network/rpc_network/proto/rpc_network.pb.go:469.11,470.24 1 0
github.com/r-moraru/tema-TSS/network/rpc_network/proto/rpc_network.pb.go:471.11,472.28 1 0
github.com/r-moraru/tema-TSS/network/rpc_network/proto/rpc_network.pb.go:473.12,474.15 1 0
github.com/r-moraru/tema-TSS/network/rpc_network/proto/rpc_network.pb.go:477.3,477.88 1 0
github.com/r-moraru/tema-TSS/network/rpc_network/proto/rpc_network.pb.go:477.88,478.46 1 0
github.com/r-moraru/tema-TSS/network/rpc_network/proto/rpc_network.pb.go:479.11,480.20 1 0
github.com/r-moraru/tema-TSS/network/rpc_network/proto/rpc_network.pb.go:481.11,482.24 1 0
github.com/r-moraru/tema-TSS/network/rpc_network/proto/rpc_network.pb.go:483.11,484.28 1 0
github.com/r-moraru/tema-TSS/network/rpc_network/proto/rpc_network.pb.go:485.12,486.15 1 0
github.com/r-moraru/tema-TSS/network/rpc_network/proto/rpc_network.pb.go:490.2,507.38 6 0
github.com/r-moraru/tema-TSS/network/rpc_network/proto/rpc_network_grpc.pb.go:40.72,42.2 1 0
github.com/r-moraru/tema-TSS/network/rpc_network/proto/rpc_network_grpc.pb.go:44.123,47.16 3 0
github.com/r-moraru/tema-TSS/network/rpc_network/proto/rpc_network_grpc.pb.go:47.16,49.3 1 0
github.com/r-moraru/tema-TSS/network/rpc_network/proto/rpc_network_grpc.pb.go:50.2,50.17 1 0
github.com/r-moraru/tema-TSS/network/rpc_network/proto/rpc_network_grpc.pb.go:53.138,56.16 3 0
github.com/r-moraru/tema-TSS/network/rpc_network/proto/rpc_network_grpc.pb.go:56.16,58.3 1 0
github.com/r-moraru/tema-TSS/network/rpc_network/proto/rpc_network_grpc.pb.go:59.2,59.17 1 0
github.com/r-moraru/tema-TSS/network/rpc_network/proto/rpc_network_grpc.pb.go:62.146,65.16 3 0
github.com/r-moraru/tema-TSS/network/rpc_network/proto/rpc_network_grpc.pb.go:65.16,67.3 1 0
github.com/r-moraru/tema-TSS/network/rpc_network/proto/rpc_network_grpc.pb.go:68.2,68.17 1 0
github.com/r-moraru/tema-TSS/network/rpc_network/proto/rpc_network_grpc.pb.go:85.101,87.2 1 0
github.com/r-moraru/tema-TSS/network/rpc_network/proto/rpc_network_grpc.pb.go:88.116,90.2 1 0
github.com/r-moraru/tema-TSS/network/rpc_network/proto/rpc_network_grpc.pb.go:91.124,93.2 1 0
github.com/r-moraru/tema-TSS/network/rpc_network/proto/rpc_network_grpc.pb.go:94.80,94.81 0 0
github.com/r-moraru/tema-TSS/network/rpc_network/proto/rpc_network_grpc.pb.go:103.78,105.2 1 0
github.com/r-moraru/tema-TSS/network/rpc_network/proto/rpc_network_grpc.pb.go:107.165,109.32 2 0
github.com/r-moraru/tema-TSS/network/rpc_network/proto/rpc_network_grpc.pb.go:109.32,111.3 1 0
github.com/r-moraru/tema-TSS/network/rpc_network/proto/rpc_network_grpc.pb.go:112.2,112.24 1 0
github.com/r-moraru/tema-TSS/network/rpc_network/proto/rpc_network_grpc.pb.go:112.24,114.3 1 0
github.com/r-moraru/tema-TSS/network/rpc_network/proto/rpc_network_grpc.pb.go:115.2,119.77 2 0
github.com/r-moraru/tema-TSS/network/rpc_network/proto/rpc_network_grpc.pb.go:119.77,121.3 1 0
github.com/r-moraru/tema-TSS/network/rpc_network/proto/rpc_network_grpc.pb.go:122.2,122.44 1 0
github.com/r-moraru/tema-TSS/network/rpc_network/proto/rpc_network_grpc.pb.go:125.170,127.32 2 0
github.com/r-moraru/tema-TSS/network/rpc_network/proto/rpc_network_grpc.pb.go:127.32,129.3 1 0
github.com/r-moraru/tema-TSS/network/rpc_network/proto/rpc_network_grpc.pb.go:130.2,130.24 1 0
github.com/r-moraru/tema-TSS/network/rpc_network/proto/rpc_network_grpc.pb.go:130.24,132.3 1 0
github.com/r-moraru/tema-TSS/network/rpc_network/proto/rpc_network_grpc.pb.go:133.2,137.77 2 0
github.com/r-moraru/tema-TSS/network/rpc_network/proto/rpc_network_grpc.pb.go:137.77,139.3 1 0
github.com/r-moraru/tema-TSS/network/rpc_network/proto/rpc_network_grpc.pb.go:140.2,140.44 1 0
github.com/r-moraru/tema-TSS/network/rpc_network/proto/rpc_network_grpc.pb.go:143.169,145.32 2 0
github.com/r-moraru/tema-TSS/network/rpc_network/proto/rpc_network_grpc.pb.go:145.32,147.3 1 0
github.com/r-moraru/tema-TSS/network/rpc_network/proto/rpc_network_grpc.pb.go:148.2,148.24 1 0
github.com/r-moraru/tema-TSS/network/rpc_network/proto/rpc_network_grpc.pb.go:148.24,150.3 1 0
github.com/r-moraru/tema-TSS/network/rpc_network/proto/rpc_network_grpc.pb.go:151.2,155.77 2 0
github.com/r-moraru/tema-TSS/network/rpc_network/proto/rpc_network_grpc.pb.go:155.77,157.3 1 0
github.com/r-moraru/tema-TSS/network/rpc_network/proto/rpc_network_grpc.pb.go:158.2,158.44 1 0
github.com/r-moraru/tema-TSS/network/mocks/Network.go:21.47,23.2 1 1
github.com/r-moraru/tema-TSS/network/mocks/Network.go:26.54,29.19 2 1
github.com/r-moraru/tema-TSS/network/mocks/Network.go:29.19,30.59 1 0
github.com/r-moraru/tema-TSS/network/mocks/Network.go:33.2,34.53 2 1
github.com/r-moraru/tema-TSS/network/mocks/Network.go:34.53,36.3 1 0
github.com/r-moraru/tema-TSS/network/mocks/Network.go:36.8,37.24 1 1
github.com/r-moraru/tema-TSS/network/mocks/Network.go:37.24,39.4 1 1
github.com/r-moraru/tema-TSS/network/mocks/Network.go:42.2,42.11 1 1
github.com/r-moraru/tema-TSS/network/mocks/Network.go:51.81,53.2 1 1
github.com/r-moraru/tema-TSS/network/mocks/Network.go:55.91,56.40 1 0
github.com/r-moraru/tema-TSS/network/mocks/Network.go:56.40,58.3 1 0
github.com/r-moraru/tema-TSS/network/mocks/Network.go:59.2,59.11 1 0
github.com/r-moraru/tema-TSS/network/mocks/Network.go:62.101,65.2 2 1
github.com/r-moraru/tema-TSS/network/mocks/Network.go:67.114,70.2 2 0
github.com/r-moraru/tema-TSS/network/mocks/Network.go:73.58,76.19 2 1
github.com/r-moraru/tema-TSS/network/mocks/Network.go:76.19,77.50 1 0
github.com/r-moraru/tema-TSS/network/mocks/Network.go:80.2,81.62 2 1
github.com/r-moraru/tema-TSS/network/mocks/Network.go:81.62,83.3 1 0
github.com/r-moraru/tema-TSS/network/mocks/Network.go:83.8,84.24 1 1
github.com/r-moraru/tema-TSS/network/mocks/Network.go:84.24,86.4 1 1
github.com/r-moraru/tema-TSS/network/mocks/Network.go:89.2,89.11 1 1
github.com/r-moraru/tema-TSS/network/mocks/Network.go:99.78,101.2 1 1
github.com/r-moraru/tema-TSS/network/mocks/Network.go:103.83,104.40 1 0
github.com/r-moraru/tema-TSS/network/mocks/Network.go:104.40,106.3 1 0
github.com/r-moraru/tema-TSS/network/mocks/Network.go:107.2,107.11 1 0
github.com/r-moraru/tema-TSS/network/mocks/Network.go:110.86,113.2 2 1
github.com/r-moraru/tema-TSS/network/mocks/Network.go:115.105,118.2 2 0
github.com/r-moraru/tema-TSS/network/mocks/Network.go:121.63,124.19 2 1
github.com/r-moraru/tema-TSS/network/mocks/Network.go:124.19,125.55 1 0
github.com/r-moraru/tema-TSS/network/mocks/Network.go:128.2,129.66 2 1
github.com/r-moraru/tema-TSS/network/mocks/Network.go:129.66,131.3 1 0
github.com/r-moraru/tema-TSS/network/mocks/Network.go:131.8,132.24 1 1
github.com/r-moraru/tema-TSS/network/mocks/Network.go:132.24,134.4 1 1
github.com/r-moraru/tema-TSS/network/mocks/Network.go:137.2,137.11 1 1
github.com/r-moraru/tema-TSS/network/mocks/Network.go:146.73,148.2 1 1
github.com/r-moraru/tema-TSS/network/mocks/Network.go:150.83,151.40 1 0
github.com/r-moraru/tema-TSS/network/mocks/Network.go:151.40,153.3 1 0
github.com/r-moraru/tema-TSS/network/mocks/Network.go:154.2,154.11 1 0
github.com/r-moraru/tema-TSS/network/mocks/Network.go:157.106,160.2 2 1
github.com/r-moraru/tema-TSS/network/mocks/Network.go:162.119,165.2 2 0
github.com/r-moraru/tema-TSS/network/mocks/Network.go:168.42,171.19 2 1
github.com/r-moraru/tema-TSS/network/mocks/Network.go:171.19,172.49 1 0
github.com/r-moraru/tema-TSS/network/mocks/Network.go:175.2,176.51 2 1
github.com/r-moraru/tema-TSS/network/mocks/Network.go:176.51,178.3 1 0
github.com/r-moraru/tema-TSS/network/mocks/Network.go:178.8,179.24 1 1
github.com/r-moraru/tema-TSS/network/mocks/Network.go:179.24,181.4 1 1
github.com/r-moraru/tema-TSS/network/mocks/Network.go:184.2,184.11 1 1
github.com/r-moraru/tema-TSS/network/mocks/Network.go:193.61,195.2 1 1
github.com/r-moraru/tema-TSS/network/mocks/Network.go:197.71,198.40 1 0
github.com/r-moraru/tema-TSS/network/mocks/Network.go:198.40,200.3 1 0
github.com/r-moraru/tema-TSS/network/mocks/Network.go:201.2,201.11 1 0
github.com/r-moraru/tema-TSS/network/mocks/Network.go:204.79,207.2 2 1
github.com/r-moraru/tema-TSS/network/mocks/Network.go:209.92,212.2 2 0
github.com/r-moraru/tema-TSS/network/mocks/Network.go:215.47,217.2 1 1
github.com/r-moraru/tema-TSS/network/mocks/Network.go:226.80,228.2 1 1
github.com/r-moraru/tema-TSS/network/mocks/Network.go:230.90,231.40 1 0
github.com/r-moraru/tema-TSS/network/mocks/Network.go:231.40,233.3 1 0
github.com/r-moraru/tema-TSS/network/mocks/Network.go:234.2,234.11 1 0
github.com/r-moraru/tema-TSS/network/mocks/Network.go:237.68,240.2 2 0
github.com/r-moraru/tema-TSS/network/mocks/Network.go:242.95,245.2 2 0
github.com/r-moraru/tema-TSS/network/mocks/Network.go:248.62,250.2 1 1
github.com/r-moraru/tema-TSS/network/mocks/Network.go:259.90,261.2 1 1
github.com/r-moraru/tema-TSS/network/mocks/Network.go:263.110,264.40 1 0
github.com/r-moraru/tema-TSS/network/mocks/Network.go:264.40,266.3 1 0
github.com/r-moraru/tema-TSS/network/mocks/Network.go:267.2,267.11 1 0
github.com/r-moraru/tema-TSS/network/mocks/Network.go:270.78,273.2 2 0
github.com/r-moraru/tema-TSS/network/mocks/Network.go:275.115,278.2 2 0
github.com/r-moraru/tema-TSS/network/mocks/Network.go:285.13,289.19 3 1
github.com/r-moraru/tema-TSS/network/mocks/Network.go:289.19,289.49 1 1
github.com/r-moraru/tema-TSS/network/mocks/Network.go:291.2,291.13 1 1
github.com/r-moraru/tema-TSS/node/node.go:20.64,24.16 3 1
github.com/r-moraru/tema-TSS/node/node.go:24.16,26.3 1 1
github.com/r-moraru/tema-TSS/node/node.go:26.8,28.3 1 1
github.com/r-moraru/tema-TSS/node/node.go:30.2,32.112 2 1
github.com/r-moraru/tema-TSS/node/node.go:32.112,34.3 1 1
github.com/r-moraru/tema-TSS/node/node.go:37.49,39.9 2 1
github.com/r-moraru/tema-TSS/node/node.go:39.9,41.3 1 1
github.com/r-moraru/tema-TSS/node/node.go:42.2,42.24 1 1
github.com/r-moraru/tema-TSS/node/node.go:42.24,44.3 1 1
github.com/r-moraru/tema-TSS/node/node.go:46.2,51.13 5 1
github.com/r-moraru/tema-TSS/node/node.go:54.63,65.2 8 1
github.com/r-moraru/tema-TSS/node/node.go:67.47,70.16 3 1
github.com/r-moraru/tema-TSS/node/node.go:70.16,72.3 1 1
github.com/r-moraru/tema-TSS/node/node.go:74.2,77.12 3 1
github.com/r-moraru/tema-TSS/node/node.go:77.12,79.3 1 1
github.com/r-moraru/tema-TSS/node/node.go:81.2,81.18 1 1
github.com/r-moraru/tema-TSS/node/node.go:84.42,86.2 1 1
github.com/r-moraru/tema-TSS/node/node.go:88.42,90.2 1 1
github.com/r-moraru/tema-TSS/node/node.go:92.44,94.16 2 1
github.com/r-moraru/tema-TSS/node/node.go:94.16,96.3 1 1
github.com/r-moraru/tema-TSS/node/node.go:97.2,97.19 1 1
github.com/r-moraru/tema-TSS/node/node.go:100.31,101.9 1 1
github.com/r-moraru/tema-TSS/node/node.go:102.56,103.37 1 1
github.com/r-moraru/tema-TSS/node/node.go:104.66,105.27 1 1
github.com/r-moraru/tema-TSS/node/node.go:106.39,108.25 2 1
github.com/r-moraru/tema-TSS/node/node.go:109.37,110.26 1 1
github.com/r-moraru/tema-TSS/node/node.go:111.39,112.69 1 1
github.com/r-moraru/tema-TSS/node/node.go:116.41,117.6 1 0
github.com/r-moraru/tema-TSS/node/node.go:117.6,118.10 1 0
github.com/r-moraru/tema-TSS/node/node.go:119.21,120.10 1 0
github.com/r-moraru/tema-TSS/node/node.go:121.11,122.20 1 0
github.com/r-moraru/tema-TSS/block/block.go:19.61,28.2 3 1
github.com/r-moraru/tema-TSS/block/block.go:30.34,32.16 2 1
github.com/r-moraru/tema-TSS/block/block.go:32.16,34.3 1 0
github.com/r-moraru/tema-TSS/block/block.go:35.2,35.52 1 1
github.com/r-moraru/tema-TSS/block/block.go:38.50,40.43 2 1
github.com/r-moraru/tema-TSS/block/block.go:40.43,43.3 2 1
github.com/r-moraru/tema-TSS/block/block.go:44.2,44.15 1 1
github.com/r-moraru/tema-TSS/block/block.go:47.34,53.2 5 1
