mode: set
github.com/r-moraru/tema-TSS/main.go:3.14,4.2 0 0
github.com/r-moraru/tema-TSS/network/mocks/Network.go:21.47,23.2 1 0
github.com/r-moraru/tema-TSS/network/mocks/Network.go:26.54,29.19 2 0
github.com/r-moraru/tema-TSS/network/mocks/Network.go:29.19,30.59 1 0
github.com/r-moraru/tema-TSS/network/mocks/Network.go:33.2,34.53 2 0
github.com/r-moraru/tema-TSS/network/mocks/Network.go:34.53,36.3 1 0
github.com/r-moraru/tema-TSS/network/mocks/Network.go:36.8,37.24 1 0
github.com/r-moraru/tema-TSS/network/mocks/Network.go:37.24,39.4 1 0
github.com/r-moraru/tema-TSS/network/mocks/Network.go:42.2,42.11 1 0
github.com/r-moraru/tema-TSS/network/mocks/Network.go:51.81,53.2 1 0
github.com/r-moraru/tema-TSS/network/mocks/Network.go:55.91,56.40 1 0
github.com/r-moraru/tema-TSS/network/mocks/Network.go:56.40,58.3 1 0
github.com/r-moraru/tema-TSS/network/mocks/Network.go:59.2,59.11 1 0
github.com/r-moraru/tema-TSS/network/mocks/Network.go:62.101,65.2 2 0
github.com/r-moraru/tema-TSS/network/mocks/Network.go:67.114,70.2 2 0
github.com/r-moraru/tema-TSS/network/mocks/Network.go:73.58,76.19 2 0
github.com/r-moraru/tema-TSS/network/mocks/Network.go:76.19,77.50 1 0
github.com/r-moraru/tema-TSS/network/mocks/Network.go:80.2,81.62 2 0
github.com/r-moraru/tema-TSS/network/mocks/Network.go:81.62,83.3 1 0
github.com/r-moraru/tema-TSS/network/mocks/Network.go:83.8,84.24 1 0
github.com/r-moraru/tema-TSS/network/mocks/Network.go:84.24,86.4 1 0
github.com/r-moraru/tema-TSS/network/mocks/Network.go:89.2,89.11 1 0
github.com/r-moraru/tema-TSS/network/mocks/Network.go:99.78,101.2 1 0
github.com/r-moraru/tema-TSS/network/mocks/Network.go:103.83,104.40 1 0
github.com/r-moraru/tema-TSS/network/mocks/Network.go:104.40,106.3 1 0
github.com/r-moraru/tema-TSS/network/mocks/Network.go:107.2,107.11 1 0
github.com/r-moraru/tema-TSS/network/mocks/Network.go:110.86,113.2 2 0
github.com/r-moraru/tema-TSS/network/mocks/Network.go:115.105,118.2 2 0
github.com/r-moraru/tema-TSS/network/mocks/Network.go:121.63,124.19 2 0
github.com/r-moraru/tema-TSS/network/mocks/Network.go:124.19,125.55 1 0
github.com/r-moraru/tema-TSS/network/mocks/Network.go:128.2,129.66 2 0
github.com/r-moraru/tema-TSS/network/mocks/Network.go:129.66,131.3 1 0
github.com/r-moraru/tema-TSS/network/mocks/Network.go:131.8,132.24 1 0
github.com/r-moraru/tema-TSS/network/mocks/Network.go:132.24,134.4 1 0
github.com/r-moraru/tema-TSS/network/mocks/Network.go:137.2,137.11 1 0
github.com/r-moraru/tema-TSS/network/mocks/Network.go:146.73,148.2 1 0
github.com/r-moraru/tema-TSS/network/mocks/Network.go:150.83,151.40 1 0
github.com/r-moraru/tema-TSS/network/mocks/Network.go:151.40,153.3 1 0
github.com/r-moraru/tema-TSS/network/mocks/Network.go:154.2,154.11 1 0
github.com/r-moraru/tema-TSS/network/mocks/Network.go:157.106,160.2 2 0
github.com/r-moraru/tema-TSS/network/mocks/Network.go:162.119,165.2 2 0
github.com/r-moraru/tema-TSS/network/mocks/Network.go:168.42,171.19 2 0
github.com/r-moraru/tema-TSS/network/mocks/Network.go:171.19,172.49 1 0
github.com/r-moraru/tema-TSS/network/mocks/Network.go:175.2,176.51 2 0
github.com/r-moraru/tema-TSS/network/mocks/Network.go:176.51,178.3 1 0
github.com/r-moraru/tema-TSS/network/mocks/Network.go:178.8,179.24 1 0
github.com/r-moraru/tema-TSS/network/mocks/Network.go:179.24,181.4 1 0
github.com/r-moraru/tema-TSS/network/mocks/Network.go:184.2,184.11 1 0
github.com/r-moraru/tema-TSS/network/mocks/Network.go:193.61,195.2 1 0
github.com/r-moraru/tema-TSS/network/mocks/Network.go:197.71,198.40 1 0
github.com/r-moraru/tema-TSS/network/mocks/Network.go:198.40,200.3 1 0
github.com/r-moraru/tema-TSS/network/mocks/Network.go:201.2,201.11 1 0
github.com/r-moraru/tema-TSS/network/mocks/Network.go:204.79,207.2 2 0
github.com/r-moraru/tema-TSS/network/mocks/Network.go:209.92,212.2 2 0
github.com/r-moraru/tema-TSS/network/mocks/Network.go:215.47,217.2 1 0
github.com/r-moraru/tema-TSS/network/mocks/Network.go:226.80,228.2 1 0
github.com/r-moraru/tema-TSS/network/mocks/Network.go:230.90,231.40 1 0
github.com/r-moraru/tema-TSS/network/mocks/Network.go:231.40,233.3 1 0
github.com/r-moraru/tema-TSS/network/mocks/Network.go:234.2,234.11 1 0
github.com/r-moraru/tema-TSS/network/mocks/Network.go:237.68,240.2 2 0
github.com/r-moraru/tema-TSS/network/mocks/Network.go:242.95,245.2 2 0
github.com/r-moraru/tema-TSS/network/mocks/Network.go:248.62,250.2 1 0
github.com/r-moraru/tema-TSS/network/mocks/Network.go:259.90,261.2 1 0
github.com/r-moraru/tema-TSS/network/mocks/Network.go:263.110,264.40 1 0
github.com/r-moraru/tema-TSS/network/mocks/Network.go:264.40,266.3 1 0
github.com/r-moraru/tema-TSS/network/mocks/Network.go:267.2,267.11 1 0
github.com/r-moraru/tema-TSS/network/mocks/Network.go:270.78,273.2 2 0
github.com/r-moraru/tema-TSS/network/mocks/Network.go:275.115,278.2 2 0
github.com/r-moraru/tema-TSS/network/mocks/Network.go:281.44,283.2 1 0
github.com/r-moraru/tema-TSS/network/mocks/Network.go:291.89,293.2 1 0
github.com/r-moraru/tema-TSS/network/mocks/Network.go:295.99,296.40 1 0
github.com/r-moraru/tema-TSS/network/mocks/Network.go:296.40,298.3 1 0
github.com/r-moraru/tema-TSS/network/mocks/Network.go:299.2,299.11 1 0
github.com/r-moraru/tema-TSS/network/mocks/Network.go:302.92,305.2 2 0
github.com/r-moraru/tema-TSS/network/mocks/Network.go:307.108,310.2 2 0
github.com/r-moraru/tema-TSS/network/mocks/Network.go:313.27,315.2 1 0
github.com/r-moraru/tema-TSS/network/mocks/Network.go:323.55,325.2 1 0
github.com/r-moraru/tema-TSS/network/mocks/Network.go:327.65,328.40 1 0
github.com/r-moraru/tema-TSS/network/mocks/Network.go:328.40,330.3 1 0
github.com/r-moraru/tema-TSS/network/mocks/Network.go:331.2,331.11 1 0
github.com/r-moraru/tema-TSS/network/mocks/Network.go:334.58,337.2 2 0
github.com/r-moraru/tema-TSS/network/mocks/Network.go:339.74,342.2 2 0
github.com/r-moraru/tema-TSS/network/mocks/Network.go:349.13,353.19 3 0
github.com/r-moraru/tema-TSS/network/mocks/Network.go:353.19,353.49 1 0
github.com/r-moraru/tema-TSS/network/mocks/Network.go:355.2,355.13 1 0
github.com/r-moraru/tema-TSS/blockchain/blockchain.go:17.56,18.24 1 1
github.com/r-moraru/tema-TSS/blockchain/blockchain.go:18.24,20.3 1 1
github.com/r-moraru/tema-TSS/blockchain/blockchain.go:21.2,22.57 2 1
github.com/r-moraru/tema-TSS/blockchain/blockchain.go:22.57,24.3 1 1
github.com/r-moraru/tema-TSS/blockchain/blockchain.go:25.2,26.12 2 1
github.com/r-moraru/tema-TSS/blockchain/blockchain.go:29.38,31.2 1 1
github.com/r-moraru/tema-TSS/blockchain/blockchain.go:33.58,35.27 2 1
github.com/r-moraru/tema-TSS/blockchain/blockchain.go:35.27,37.3 1 1
github.com/r-moraru/tema-TSS/blockchain/blockchain.go:38.2,38.46 1 1
github.com/r-moraru/tema-TSS/blockchain/blockchain.go:41.71,43.16 2 1
github.com/r-moraru/tema-TSS/blockchain/blockchain.go:43.16,45.3 1 1
github.com/r-moraru/tema-TSS/blockchain/blockchain.go:46.2,46.57 1 1
github.com/r-moraru/tema-TSS/blockchain/blockchain.go:50.40,54.2 3 1
github.com/r-moraru/tema-TSS/network/rpc_network/mocks/RpcNetworkClient.go:24.65,26.2 1 0
github.com/r-moraru/tema-TSS/network/rpc_network/mocks/RpcNetworkClient.go:29.159,31.23 2 0
github.com/r-moraru/tema-TSS/network/rpc_network/mocks/RpcNetworkClient.go:31.23,33.3 1 0
github.com/r-moraru/tema-TSS/network/rpc_network/mocks/RpcNetworkClient.go:34.2,39.19 5 0
github.com/r-moraru/tema-TSS/network/rpc_network/mocks/RpcNetworkClient.go:39.19,40.55 1 0
github.com/r-moraru/tema-TSS/network/rpc_network/mocks/RpcNetworkClient.go:43.2,45.141 3 0
github.com/r-moraru/tema-TSS/network/rpc_network/mocks/RpcNetworkClient.go:45.141,47.3 1 0
github.com/r-moraru/tema-TSS/network/rpc_network/mocks/RpcNetworkClient.go:48.2,48.132 1 0
github.com/r-moraru/tema-TSS/network/rpc_network/mocks/RpcNetworkClient.go:48.132,50.3 1 0
github.com/r-moraru/tema-TSS/network/rpc_network/mocks/RpcNetworkClient.go:50.8,51.24 1 0
github.com/r-moraru/tema-TSS/network/rpc_network/mocks/RpcNetworkClient.go:51.24,53.4 1 0
github.com/r-moraru/tema-TSS/network/rpc_network/mocks/RpcNetworkClient.go:56.2,56.109 1 0
github.com/r-moraru/tema-TSS/network/rpc_network/mocks/RpcNetworkClient.go:56.109,58.3 1 0
github.com/r-moraru/tema-TSS/network/rpc_network/mocks/RpcNetworkClient.go:58.8,60.3 1 0
github.com/r-moraru/tema-TSS/network/rpc_network/mocks/RpcNetworkClient.go:62.2,62.15 1 0
github.com/r-moraru/tema-TSS/network/rpc_network/mocks/RpcNetworkClient.go:74.143,77.2 1 0
github.com/r-moraru/tema-TSS/network/rpc_network/mocks/RpcNetworkClient.go:79.177,80.40 1 0
github.com/r-moraru/tema-TSS/network/rpc_network/mocks/RpcNetworkClient.go:80.40,82.30 2 0
github.com/r-moraru/tema-TSS/network/rpc_network/mocks/RpcNetworkClient.go:82.30,83.16 1 0
github.com/r-moraru/tema-TSS/network/rpc_network/mocks/RpcNetworkClient.go:83.16,85.5 1 0
github.com/r-moraru/tema-TSS/network/rpc_network/mocks/RpcNetworkClient.go:87.3,87.89 1 0
github.com/r-moraru/tema-TSS/network/rpc_network/mocks/RpcNetworkClient.go:89.2,89.11 1 0
github.com/r-moraru/tema-TSS/network/rpc_network/mocks/RpcNetworkClient.go:92.137,95.2 2 0
github.com/r-moraru/tema-TSS/network/rpc_network/mocks/RpcNetworkClient.go:97.212,100.2 2 0
github.com/r-moraru/tema-TSS/network/rpc_network/mocks/RpcNetworkClient.go:103.136,105.23 2 0
github.com/r-moraru/tema-TSS/network/rpc_network/mocks/RpcNetworkClient.go:105.23,107.3 1 0
github.com/r-moraru/tema-TSS/network/rpc_network/mocks/RpcNetworkClient.go:108.2,113.19 5 0
github.com/r-moraru/tema-TSS/network/rpc_network/mocks/RpcNetworkClient.go:113.19,114.51 1 0
github.com/r-moraru/tema-TSS/network/rpc_network/mocks/RpcNetworkClient.go:117.2,119.122 3 0
github.com/r-moraru/tema-TSS/network/rpc_network/mocks/RpcNetworkClient.go:119.122,121.3 1 0
github.com/r-moraru/tema-TSS/network/rpc_network/mocks/RpcNetworkClient.go:122.2,122.113 1 0
github.com/r-moraru/tema-TSS/network/rpc_network/mocks/RpcNetworkClient.go:122.113,124.3 1 0
github.com/r-moraru/tema-TSS/network/rpc_network/mocks/RpcNetworkClient.go:124.8,125.24 1 0
github.com/r-moraru/tema-TSS/network/rpc_network/mocks/RpcNetworkClient.go:125.24,127.4 1 0
github.com/r-moraru/tema-TSS/network/rpc_network/mocks/RpcNetworkClient.go:130.2,130.94 1 0
github.com/r-moraru/tema-TSS/network/rpc_network/mocks/RpcNetworkClient.go:130.94,132.3 1 0
github.com/r-moraru/tema-TSS/network/rpc_network/mocks/RpcNetworkClient.go:132.8,134.3 1 0
github.com/r-moraru/tema-TSS/network/rpc_network/mocks/RpcNetworkClient.go:136.2,136.15 1 0
github.com/r-moraru/tema-TSS/network/rpc_network/mocks/RpcNetworkClient.go:148.135,151.2 1 0
github.com/r-moraru/tema-TSS/network/rpc_network/mocks/RpcNetworkClient.go:153.154,154.40 1 0
github.com/r-moraru/tema-TSS/network/rpc_network/mocks/RpcNetworkClient.go:154.40,156.30 2 0
github.com/r-moraru/tema-TSS/network/rpc_network/mocks/RpcNetworkClient.go:156.30,157.16 1 0
github.com/r-moraru/tema-TSS/network/rpc_network/mocks/RpcNetworkClient.go:157.16,159.5 1 0
github.com/r-moraru/tema-TSS/network/rpc_network/mocks/RpcNetworkClient.go:161.3,161.74 1 0
github.com/r-moraru/tema-TSS/network/rpc_network/mocks/RpcNetworkClient.go:163.2,163.11 1 0
github.com/r-moraru/tema-TSS/network/rpc_network/mocks/RpcNetworkClient.go:166.125,169.2 2 0
github.com/r-moraru/tema-TSS/network/rpc_network/mocks/RpcNetworkClient.go:171.185,174.2 2 0
github.com/r-moraru/tema-TSS/network/rpc_network/mocks/RpcNetworkClient.go:177.151,179.23 2 0
github.com/r-moraru/tema-TSS/network/rpc_network/mocks/RpcNetworkClient.go:179.23,181.3 1 0
github.com/r-moraru/tema-TSS/network/rpc_network/mocks/RpcNetworkClient.go:182.2,187.19 5 0
github.com/r-moraru/tema-TSS/network/rpc_network/mocks/RpcNetworkClient.go:187.19,188.56 1 0
github.com/r-moraru/tema-TSS/network/rpc_network/mocks/RpcNetworkClient.go:191.2,193.132 3 0
github.com/r-moraru/tema-TSS/network/rpc_network/mocks/RpcNetworkClient.go:193.132,195.3 1 0
github.com/r-moraru/tema-TSS/network/rpc_network/mocks/RpcNetworkClient.go:196.2,196.123 1 0
github.com/r-moraru/tema-TSS/network/rpc_network/mocks/RpcNetworkClient.go:196.123,198.3 1 0
github.com/r-moraru/tema-TSS/network/rpc_network/mocks/RpcNetworkClient.go:198.8,199.24 1 0
github.com/r-moraru/tema-TSS/network/rpc_network/mocks/RpcNetworkClient.go:199.24,201.4 1 0
github.com/r-moraru/tema-TSS/network/rpc_network/mocks/RpcNetworkClient.go:204.2,204.99 1 0
github.com/r-moraru/tema-TSS/network/rpc_network/mocks/RpcNetworkClient.go:204.99,206.3 1 0
github.com/r-moraru/tema-TSS/network/rpc_network/mocks/RpcNetworkClient.go:206.8,208.3 1 0
github.com/r-moraru/tema-TSS/network/rpc_network/mocks/RpcNetworkClient.go:210.2,210.15 1 0
github.com/r-moraru/tema-TSS/network/rpc_network/mocks/RpcNetworkClient.go:222.145,225.2 1 0
github.com/r-moraru/tema-TSS/network/rpc_network/mocks/RpcNetworkClient.go:227.169,228.40 1 0
github.com/r-moraru/tema-TSS/network/rpc_network/mocks/RpcNetworkClient.go:228.40,230.30 2 0
github.com/r-moraru/tema-TSS/network/rpc_network/mocks/RpcNetworkClient.go:230.30,231.16 1 0
github.com/r-moraru/tema-TSS/network/rpc_network/mocks/RpcNetworkClient.go:231.16,233.5 1 0
github.com/r-moraru/tema-TSS/network/rpc_network/mocks/RpcNetworkClient.go:235.3,235.79 1 0
github.com/r-moraru/tema-TSS/network/rpc_network/mocks/RpcNetworkClient.go:237.2,237.11 1 0
github.com/r-moraru/tema-TSS/network/rpc_network/mocks/RpcNetworkClient.go:240.140,243.2 2 0
github.com/r-moraru/tema-TSS/network/rpc_network/mocks/RpcNetworkClient.go:245.205,248.2 2 0
github.com/r-moraru/tema-TSS/network/rpc_network/mocks/RpcNetworkClient.go:251.133,253.23 2 0
github.com/r-moraru/tema-TSS/network/rpc_network/mocks/RpcNetworkClient.go:253.23,255.3 1 0
github.com/r-moraru/tema-TSS/network/rpc_network/mocks/RpcNetworkClient.go:256.2,261.19 5 0
github.com/r-moraru/tema-TSS/network/rpc_network/mocks/RpcNetworkClient.go:261.19,262.50 1 0
github.com/r-moraru/tema-TSS/network/rpc_network/mocks/RpcNetworkClient.go:265.2,267.120 3 0
github.com/r-moraru/tema-TSS/network/rpc_network/mocks/RpcNetworkClient.go:267.120,269.3 1 0
github.com/r-moraru/tema-TSS/network/rpc_network/mocks/RpcNetworkClient.go:270.2,270.111 1 0
github.com/r-moraru/tema-TSS/network/rpc_network/mocks/RpcNetworkClient.go:270.111,272.3 1 0
github.com/r-moraru/tema-TSS/network/rpc_network/mocks/RpcNetworkClient.go:272.8,273.24 1 0
github.com/r-moraru/tema-TSS/network/rpc_network/mocks/RpcNetworkClient.go:273.24,275.4 1 0
github.com/r-moraru/tema-TSS/network/rpc_network/mocks/RpcNetworkClient.go:278.2,278.93 1 0
github.com/r-moraru/tema-TSS/network/rpc_network/mocks/RpcNetworkClient.go:278.93,280.3 1 0
github.com/r-moraru/tema-TSS/network/rpc_network/mocks/RpcNetworkClient.go:280.8,282.3 1 0
github.com/r-moraru/tema-TSS/network/rpc_network/mocks/RpcNetworkClient.go:284.2,284.15 1 0
github.com/r-moraru/tema-TSS/network/rpc_network/mocks/RpcNetworkClient.go:296.133,299.2 1 0
github.com/r-moraru/tema-TSS/network/rpc_network/mocks/RpcNetworkClient.go:301.151,302.40 1 0
github.com/r-moraru/tema-TSS/network/rpc_network/mocks/RpcNetworkClient.go:302.40,304.30 2 0
github.com/r-moraru/tema-TSS/network/rpc_network/mocks/RpcNetworkClient.go:304.30,305.16 1 0
github.com/r-moraru/tema-TSS/network/rpc_network/mocks/RpcNetworkClient.go:305.16,307.5 1 0
github.com/r-moraru/tema-TSS/network/rpc_network/mocks/RpcNetworkClient.go:309.3,309.73 1 0
github.com/r-moraru/tema-TSS/network/rpc_network/mocks/RpcNetworkClient.go:311.2,311.11 1 0
github.com/r-moraru/tema-TSS/network/rpc_network/mocks/RpcNetworkClient.go:314.122,317.2 2 0
github.com/r-moraru/tema-TSS/network/rpc_network/mocks/RpcNetworkClient.go:319.181,322.2 2 0
github.com/r-moraru/tema-TSS/network/rpc_network/mocks/RpcNetworkClient.go:329.22,333.19 3 0
github.com/r-moraru/tema-TSS/network/rpc_network/mocks/RpcNetworkClient.go:333.19,333.49 1 0
github.com/r-moraru/tema-TSS/network/rpc_network/mocks/RpcNetworkClient.go:335.2,335.13 1 0
github.com/r-moraru/tema-TSS/network/rpc_network/proto/rpc_network.pb.go:31.40,33.29 2 0
github.com/r-moraru/tema-TSS/network/rpc_network/proto/rpc_network.pb.go:33.29,37.3 3 0
github.com/r-moraru/tema-TSS/network/rpc_network/proto/rpc_network.pb.go:40.48,42.2 1 0
github.com/r-moraru/tema-TSS/network/rpc_network/proto/rpc_network.pb.go:44.46,44.47 0 0
github.com/r-moraru/tema-TSS/network/rpc_network/proto/rpc_network.pb.go:46.68,48.41 2 0
github.com/r-moraru/tema-TSS/network/rpc_network/proto/rpc_network.pb.go:48.41,50.34 2 0
github.com/r-moraru/tema-TSS/network/rpc_network/proto/rpc_network.pb.go:50.34,52.4 1 0
github.com/r-moraru/tema-TSS/network/rpc_network/proto/rpc_network.pb.go:53.3,53.12 1 0
github.com/r-moraru/tema-TSS/network/rpc_network/proto/rpc_network.pb.go:55.2,55.24 1 0
github.com/r-moraru/tema-TSS/network/rpc_network/proto/rpc_network.pb.go:59.59,61.2 1 0
github.com/r-moraru/tema-TSS/network/rpc_network/proto/rpc_network.pb.go:63.51,64.14 1 0
github.com/r-moraru/tema-TSS/network/rpc_network/proto/rpc_network.pb.go:64.14,66.3 1 0
github.com/r-moraru/tema-TSS/network/rpc_network/proto/rpc_network.pb.go:67.2,67.11 1 0
github.com/r-moraru/tema-TSS/network/rpc_network/proto/rpc_network.pb.go:82.25,84.29 2 0
github.com/r-moraru/tema-TSS/network/rpc_network/proto/rpc_network.pb.go:84.29,88.3 3 0
github.com/r-moraru/tema-TSS/network/rpc_network/proto/rpc_network.pb.go:91.33,93.2 1 0
github.com/r-moraru/tema-TSS/network/rpc_network/proto/rpc_network.pb.go:95.31,95.32 0 0
github.com/r-moraru/tema-TSS/network/rpc_network/proto/rpc_network.pb.go:97.53,99.41 2 0
github.com/r-moraru/tema-TSS/network/rpc_network/proto/rpc_network.pb.go:99.41,101.34 2 0
github.com/r-moraru/tema-TSS/network/rpc_network/proto/rpc_network.pb.go:101.34,103.4 1 0
github.com/r-moraru/tema-TSS/network/rpc_network/proto/rpc_network.pb.go:104.3,104.12 1 0
github.com/r-moraru/tema-TSS/network/rpc_network/proto/rpc_network.pb.go:106.2,106.24 1 0
github.com/r-moraru/tema-TSS/network/rpc_network/proto/rpc_network.pb.go:110.44,112.2 1 0
github.com/r-moraru/tema-TSS/network/rpc_network/proto/rpc_network.pb.go:114.34,115.14 1 0
github.com/r-moraru/tema-TSS/network/rpc_network/proto/rpc_network.pb.go:115.14,117.3 1 0
github.com/r-moraru/tema-TSS/network/rpc_network/proto/rpc_network.pb.go:118.2,118.11 1 0
github.com/r-moraru/tema-TSS/network/rpc_network/proto/rpc_network.pb.go:121.42,122.14 1 0
github.com/r-moraru/tema-TSS/network/rpc_network/proto/rpc_network.pb.go:122.14,124.3 1 0
github.com/r-moraru/tema-TSS/network/rpc_network/proto/rpc_network.pb.go:125.2,125.11 1 0
github.com/r-moraru/tema-TSS/network/rpc_network/proto/rpc_network.pb.go:128.38,129.14 1 0
github.com/r-moraru/tema-TSS/network/rpc_network/proto/rpc_network.pb.go:129.14,131.3 1 0
github.com/r-moraru/tema-TSS/network/rpc_network/proto/rpc_network.pb.go:132.2,132.10 1 0
github.com/r-moraru/tema-TSS/network/rpc_network/proto/rpc_network.pb.go:135.34,136.14 1 0
github.com/r-moraru/tema-TSS/network/rpc_network/proto/rpc_network.pb.go:136.14,138.3 1 0
github.com/r-moraru/tema-TSS/network/rpc_network/proto/rpc_network.pb.go:139.2,139.10 1 0
github.com/r-moraru/tema-TSS/network/rpc_network/proto/rpc_network.pb.go:142.34,143.14 1 0
github.com/r-moraru/tema-TSS/network/rpc_network/proto/rpc_network.pb.go:143.14,145.3 1 0
github.com/r-moraru/tema-TSS/network/rpc_network/proto/rpc_network.pb.go:146.2,146.11 1 0
github.com/r-moraru/tema-TSS/network/rpc_network/proto/rpc_network.pb.go:157.30,159.29 2 0
github.com/r-moraru/tema-TSS/network/rpc_network/proto/rpc_network.pb.go:159.29,163.3 3 0
github.com/r-moraru/tema-TSS/network/rpc_network/proto/rpc_network.pb.go:166.38,168.2 1 0
github.com/r-moraru/tema-TSS/network/rpc_network/proto/rpc_network.pb.go:170.36,170.37 0 0
github.com/r-moraru/tema-TSS/network/rpc_network/proto/rpc_network.pb.go:172.58,174.41 2 0
github.com/r-moraru/tema-TSS/network/rpc_network/proto/rpc_network.pb.go:174.41,176.34 2 0
github.com/r-moraru/tema-TSS/network/rpc_network/proto/rpc_network.pb.go:176.34,178.4 1 0
github.com/r-moraru/tema-TSS/network/rpc_network/proto/rpc_network.pb.go:179.3,179.12 1 0
github.com/r-moraru/tema-TSS/network/rpc_network/proto/rpc_network.pb.go:181.2,181.24 1 0
github.com/r-moraru/tema-TSS/network/rpc_network/proto/rpc_network.pb.go:185.49,187.2 1 0
github.com/r-moraru/tema-TSS/network/rpc_network/proto/rpc_network.pb.go:189.43,190.14 1 0
github.com/r-moraru/tema-TSS/network/rpc_network/proto/rpc_network.pb.go:190.14,192.3 1 0
github.com/r-moraru/tema-TSS/network/rpc_network/proto/rpc_network.pb.go:193.2,193.12 1 0
github.com/r-moraru/tema-TSS/network/rpc_network/proto/rpc_network.pb.go:204.24,206.29 2 0
github.com/r-moraru/tema-TSS/network/rpc_network/proto/rpc_network.pb.go:206.29,210.3 3 0
github.com/r-moraru/tema-TSS/network/rpc_network/proto/rpc_network.pb.go:213.32,215.2 1 0
github.com/r-moraru/tema-TSS/network/rpc_network/proto/rpc_network.pb.go:217.30,217.31 0 0
github.com/r-moraru/tema-TSS/network/rpc_network/proto/rpc_network.pb.go:219.52,221.41 2 0
github.com/r-moraru/tema-TSS/network/rpc_network/proto/rpc_network.pb.go:221.41,223.34 2 0
github.com/r-moraru/tema-TSS/network/rpc_network/proto/rpc_network.pb.go:223.34,225.4 1 0
github.com/r-moraru/tema-TSS/network/rpc_network/proto/rpc_network.pb.go:226.3,226.12 1 0
github.com/r-moraru/tema-TSS/network/rpc_network/proto/rpc_network.pb.go:228.2,228.24 1 0
github.com/r-moraru/tema-TSS/network/rpc_network/proto/rpc_network.pb.go:232.43,234.2 1 0
github.com/r-moraru/tema-TSS/network/rpc_network/proto/rpc_network.pb.go:236.33,237.14 1 0
github.com/r-moraru/tema-TSS/network/rpc_network/proto/rpc_network.pb.go:237.14,239.3 1 0
github.com/r-moraru/tema-TSS/network/rpc_network/proto/rpc_network.pb.go:240.2,240.11 1 0
github.com/r-moraru/tema-TSS/network/rpc_network/proto/rpc_network.pb.go:251.37,253.29 2 0
github.com/r-moraru/tema-TSS/network/rpc_network/proto/rpc_network.pb.go:253.29,257.3 3 0
github.com/r-moraru/tema-TSS/network/rpc_network/proto/rpc_network.pb.go:260.45,262.2 1 0
github.com/r-moraru/tema-TSS/network/rpc_network/proto/rpc_network.pb.go:264.43,264.44 0 0
github.com/r-moraru/tema-TSS/network/rpc_network/proto/rpc_network.pb.go:266.65,268.41 2 0
github.com/r-moraru/tema-TSS/network/rpc_network/proto/rpc_network.pb.go:268.41,270.34 2 0
github.com/r-moraru/tema-TSS/network/rpc_network/proto/rpc_network.pb.go:270.34,272.4 1 0
github.com/r-moraru/tema-TSS/network/rpc_network/proto/rpc_network.pb.go:273.3,273.12 1 0
github.com/r-moraru/tema-TSS/network/rpc_network/proto/rpc_network.pb.go:275.2,275.24 1 0
github.com/r-moraru/tema-TSS/network/rpc_network/proto/rpc_network.pb.go:279.56,281.2 1 0
github.com/r-moraru/tema-TSS/network/rpc_network/proto/rpc_network.pb.go:283.48,284.14 1 0
github.com/r-moraru/tema-TSS/network/rpc_network/proto/rpc_network.pb.go:284.14,286.3 1 0
github.com/r-moraru/tema-TSS/network/rpc_network/proto/rpc_network.pb.go:287.2,287.14 1 0
github.com/r-moraru/tema-TSS/network/rpc_network/proto/rpc_network.pb.go:298.42,300.29 2 0
github.com/r-moraru/tema-TSS/network/rpc_network/proto/rpc_network.pb.go:300.29,304.3 3 0
github.com/r-moraru/tema-TSS/network/rpc_network/proto/rpc_network.pb.go:307.50,309.2 1 0
github.com/r-moraru/tema-TSS/network/rpc_network/proto/rpc_network.pb.go:311.48,311.49 0 0
github.com/r-moraru/tema-TSS/network/rpc_network/proto/rpc_network.pb.go:313.70,315.41 2 0
github.com/r-moraru/tema-TSS/network/rpc_network/proto/rpc_network.pb.go:315.41,317.34 2 0
github.com/r-moraru/tema-TSS/network/rpc_network/proto/rpc_network.pb.go:317.34,319.4 1 0
github.com/r-moraru/tema-TSS/network/rpc_network/proto/rpc_network.pb.go:320.3,320.12 1 0
github.com/r-moraru/tema-TSS/network/rpc_network/proto/rpc_network.pb.go:322.2,322.24 1 0
github.com/r-moraru/tema-TSS/network/rpc_network/proto/rpc_network.pb.go:326.61,328.2 1 0
github.com/r-moraru/tema-TSS/network/rpc_network/proto/rpc_network.pb.go:330.53,331.14 1 0
github.com/r-moraru/tema-TSS/network/rpc_network/proto/rpc_network.pb.go:331.14,333.3 1 0
github.com/r-moraru/tema-TSS/network/rpc_network/proto/rpc_network.pb.go:334.2,334.14 1 0
github.com/r-moraru/tema-TSS/network/rpc_network/proto/rpc_network.pb.go:343.41,345.29 2 0
github.com/r-moraru/tema-TSS/network/rpc_network/proto/rpc_network.pb.go:345.29,349.3 3 0
github.com/r-moraru/tema-TSS/network/rpc_network/proto/rpc_network.pb.go:352.49,354.2 1 0
github.com/r-moraru/tema-TSS/network/rpc_network/proto/rpc_network.pb.go:356.47,356.48 0 0
github.com/r-moraru/tema-TSS/network/rpc_network/proto/rpc_network.pb.go:358.69,360.41 2 0
github.com/r-moraru/tema-TSS/network/rpc_network/proto/rpc_network.pb.go:360.41,362.34 2 0
github.com/r-moraru/tema-TSS/network/rpc_network/proto/rpc_network.pb.go:362.34,364.4 1 0
github.com/r-moraru/tema-TSS/network/rpc_network/proto/rpc_network.pb.go:365.3,365.12 1 0
github.com/r-moraru/tema-TSS/network/rpc_network/proto/rpc_network.pb.go:367.2,367.24 1 0
github.com/r-moraru/tema-TSS/network/rpc_network/proto/rpc_network.pb.go:371.60,373.2 1 0
github.com/r-moraru/tema-TSS/network/rpc_network/proto/rpc_network.pb.go:381.36,383.29 2 0
github.com/r-moraru/tema-TSS/network/rpc_network/proto/rpc_network.pb.go:383.29,387.3 3 0
github.com/r-moraru/tema-TSS/network/rpc_network/proto/rpc_network.pb.go:390.44,392.2 1 0
github.com/r-moraru/tema-TSS/network/rpc_network/proto/rpc_network.pb.go:394.42,394.43 0 0
github.com/r-moraru/tema-TSS/network/rpc_network/proto/rpc_network.pb.go:396.64,398.41 2 0
github.com/r-moraru/tema-TSS/network/rpc_network/proto/rpc_network.pb.go:398.41,400.34 2 0
github.com/r-moraru/tema-TSS/network/rpc_network/proto/rpc_network.pb.go:400.34,402.4 1 0
github.com/r-moraru/tema-TSS/network/rpc_network/proto/rpc_network.pb.go:403.3,403.12 1 0
github.com/r-moraru/tema-TSS/network/rpc_network/proto/rpc_network.pb.go:405.2,405.24 1 0
github.com/r-moraru/tema-TSS/network/rpc_network/proto/rpc_network.pb.go:409.55,411.2 1 0
github.com/r-moraru/tema-TSS/network/rpc_network/proto/rpc_network.pb.go:472.50,473.47 1 0
github.com/r-moraru/tema-TSS/network/rpc_network/proto/rpc_network.pb.go:473.47,475.3 1 0
github.com/r-moraru/tema-TSS/network/rpc_network/proto/rpc_network.pb.go:476.2,476.43 1 0
github.com/r-moraru/tema-TSS/network/rpc_network/proto/rpc_network.pb.go:507.13,507.46 1 0
github.com/r-moraru/tema-TSS/network/rpc_network/proto/rpc_network.pb.go:508.36,509.35 1 0
github.com/r-moraru/tema-TSS/network/rpc_network/proto/rpc_network.pb.go:509.35,511.3 1 0
github.com/r-moraru/tema-TSS/network/rpc_network/proto/rpc_network.pb.go:512.2,512.30 1 0
github.com/r-moraru/tema-TSS/network/rpc_network/proto/rpc_network.pb.go:512.30,513.88 1 0
github.com/r-moraru/tema-TSS/network/rpc_network/proto/rpc_network.pb.go:513.88,514.45 1 0
github.com/r-moraru/tema-TSS/network/rpc_network/proto/rpc_network.pb.go:515.11,516.20 1 0
github.com/r-moraru/tema-TSS/network/rpc_network/proto/rpc_network.pb.go:517.11,518.24 1 0
github.com/r-moraru/tema-TSS/network/rpc_network/proto/rpc_network.pb.go:519.11,520.28 1 0
github.com/r-moraru/tema-TSS/network/rpc_network/proto/rpc_network.pb.go:521.12,522.15 1 0
github.com/r-moraru/tema-TSS/network/rpc_network/proto/rpc_network.pb.go:525.3,525.88 1 0
github.com/r-moraru/tema-TSS/network/rpc_network/proto/rpc_network.pb.go:525.88,526.30 1 0
github.com/r-moraru/tema-TSS/network/rpc_network/proto/rpc_network.pb.go:527.11,528.20 1 0
github.com/r-moraru/tema-TSS/network/rpc_network/proto/rpc_network.pb.go:529.11,530.24 1 0
github.com/r-moraru/tema-TSS/network/rpc_network/proto/rpc_network.pb.go:531.11,532.28 1 0
github.com/r-moraru/tema-TSS/network/rpc_network/proto/rpc_network.pb.go:533.12,534.15 1 0
github.com/r-moraru/tema-TSS/network/rpc_network/proto/rpc_network.pb.go:537.3,537.88 1 0
github.com/r-moraru/tema-TSS/network/rpc_network/proto/rpc_network.pb.go:537.88,538.35 1 0
github.com/r-moraru/tema-TSS/network/rpc_network/proto/rpc_network.pb.go:539.11,540.20 1 0
github.com/r-moraru/tema-TSS/network/rpc_network/proto/rpc_network.pb.go:541.11,542.24 1 0
github.com/r-moraru/tema-TSS/network/rpc_network/proto/rpc_network.pb.go:543.11,544.28 1 0
github.com/r-moraru/tema-TSS/network/rpc_network/proto/rpc_network.pb.go:545.12,546.15 1 0
github.com/r-moraru/tema-TSS/network/rpc_network/proto/rpc_network.pb.go:549.3,549.88 1 0
github.com/r-moraru/tema-TSS/network/rpc_network/proto/rpc_network.pb.go:549.88,550.29 1 0
github.com/r-moraru/tema-TSS/network/rpc_network/proto/rpc_network.pb.go:551.11,552.20 1 0
github.com/r-moraru/tema-TSS/network/rpc_network/proto/rpc_network.pb.go:553.11,554.24 1 0
github.com/r-moraru/tema-TSS/network/rpc_network/proto/rpc_network.pb.go:555.11,556.28 1 0
github.com/r-moraru/tema-TSS/network/rpc_network/proto/rpc_network.pb.go:557.12,558.15 1 0
github.com/r-moraru/tema-TSS/network/rpc_network/proto/rpc_network.pb.go:561.3,561.88 1 0
github.com/r-moraru/tema-TSS/network/rpc_network/proto/rpc_network.pb.go:561.88,562.42 1 0
github.com/r-moraru/tema-TSS/network/rpc_network/proto/rpc_network.pb.go:563.11,564.20 1 0
github.com/r-moraru/tema-TSS/network/rpc_network/proto/rpc_network.pb.go:565.11,566.24 1 0
github.com/r-moraru/tema-TSS/network/rpc_network/proto/rpc_network.pb.go:567.11,568.28 1 0
github.com/r-moraru/tema-TSS/network/rpc_network/proto/rpc_network.pb.go:569.12,570.15 1 0
github.com/r-moraru/tema-TSS/network/rpc_network/proto/rpc_network.pb.go:573.3,573.88 1 0
github.com/r-moraru/tema-TSS/network/rpc_network/proto/rpc_network.pb.go:573.88,574.47 1 0
github.com/r-moraru/tema-TSS/network/rpc_network/proto/rpc_network.pb.go:575.11,576.20 1 0
github.com/r-moraru/tema-TSS/network/rpc_network/proto/rpc_network.pb.go:577.11,578.24 1 0
github.com/r-moraru/tema-TSS/network/rpc_network/proto/rpc_network.pb.go:579.11,580.28 1 0
github.com/r-moraru/tema-TSS/network/rpc_network/proto/rpc_network.pb.go:581.12,582.15 1 0
github.com/r-moraru/tema-TSS/network/rpc_network/proto/rpc_network.pb.go:585.3,585.88 1 0
github.com/r-moraru/tema-TSS/network/rpc_network/proto/rpc_network.pb.go:585.88,586.46 1 0
github.com/r-moraru/tema-TSS/network/rpc_network/proto/rpc_network.pb.go:587.11,588.20 1 0
github.com/r-moraru/tema-TSS/network/rpc_network/proto/rpc_network.pb.go:589.11,590.24 1 0
github.com/r-moraru/tema-TSS/network/rpc_network/proto/rpc_network.pb.go:591.11,592.28 1 0
github.com/r-moraru/tema-TSS/network/rpc_network/proto/rpc_network.pb.go:593.12,594.15 1 0
github.com/r-moraru/tema-TSS/network/rpc_network/proto/rpc_network.pb.go:597.3,597.88 1 0
github.com/r-moraru/tema-TSS/network/rpc_network/proto/rpc_network.pb.go:597.88,598.41 1 0
github.com/r-moraru/tema-TSS/network/rpc_network/proto/rpc_network.pb.go:599.11,600.20 1 0
github.com/r-moraru/tema-TSS/network/rpc_network/proto/rpc_network.pb.go:601.11,602.24 1 0
github.com/r-moraru/tema-TSS/network/rpc_network/proto/rpc_network.pb.go:603.11,604.28 1 0
github.com/r-moraru/tema-TSS/network/rpc_network/proto/rpc_network.pb.go:605.12,606.15 1 0
github.com/r-moraru/tema-TSS/network/rpc_network/proto/rpc_network.pb.go:610.2,627.38 6 0
github.com/r-moraru/tema-TSS/network/rpc_network/proto/rpc_network_grpc.pb.go:42.72,44.2 1 0
github.com/r-moraru/tema-TSS/network/rpc_network/proto/rpc_network_grpc.pb.go:46.123,49.16 3 0
github.com/r-moraru/tema-TSS/network/rpc_network/proto/rpc_network_grpc.pb.go:49.16,51.3 1 0
github.com/r-moraru/tema-TSS/network/rpc_network/proto/rpc_network_grpc.pb.go:52.2,52.17 1 0
github.com/r-moraru/tema-TSS/network/rpc_network/proto/rpc_network_grpc.pb.go:55.138,58.16 3 0
github.com/r-moraru/tema-TSS/network/rpc_network/proto/rpc_network_grpc.pb.go:58.16,60.3 1 0
github.com/r-moraru/tema-TSS/network/rpc_network/proto/rpc_network_grpc.pb.go:61.2,61.17 1 0
github.com/r-moraru/tema-TSS/network/rpc_network/proto/rpc_network_grpc.pb.go:64.146,67.16 3 0
github.com/r-moraru/tema-TSS/network/rpc_network/proto/rpc_network_grpc.pb.go:67.16,69.3 1 0
github.com/r-moraru/tema-TSS/network/rpc_network/proto/rpc_network_grpc.pb.go:70.2,70.17 1 0
github.com/r-moraru/tema-TSS/network/rpc_network/proto/rpc_network_grpc.pb.go:73.120,76.16 3 0
github.com/r-moraru/tema-TSS/network/rpc_network/proto/rpc_network_grpc.pb.go:76.16,78.3 1 0
github.com/r-moraru/tema-TSS/network/rpc_network/proto/rpc_network_grpc.pb.go:79.2,79.17 1 0
github.com/r-moraru/tema-TSS/network/rpc_network/proto/rpc_network_grpc.pb.go:97.101,99.2 1 0
github.com/r-moraru/tema-TSS/network/rpc_network/proto/rpc_network_grpc.pb.go:100.116,102.2 1 0
github.com/r-moraru/tema-TSS/network/rpc_network/proto/rpc_network_grpc.pb.go:103.124,105.2 1 0
github.com/r-moraru/tema-TSS/network/rpc_network/proto/rpc_network_grpc.pb.go:106.98,108.2 1 0
github.com/r-moraru/tema-TSS/network/rpc_network/proto/rpc_network_grpc.pb.go:109.80,109.81 0 0
github.com/r-moraru/tema-TSS/network/rpc_network/proto/rpc_network_grpc.pb.go:118.78,120.2 1 0
github.com/r-moraru/tema-TSS/network/rpc_network/proto/rpc_network_grpc.pb.go:122.165,124.32 2 0
github.com/r-moraru/tema-TSS/network/rpc_network/proto/rpc_network_grpc.pb.go:124.32,126.3 1 0
github.com/r-moraru/tema-TSS/network/rpc_network/proto/rpc_network_grpc.pb.go:127.2,127.24 1 0
github.com/r-moraru/tema-TSS/network/rpc_network/proto/rpc_network_grpc.pb.go:127.24,129.3 1 0
github.com/r-moraru/tema-TSS/network/rpc_network/proto/rpc_network_grpc.pb.go:130.2,134.77 2 0
github.com/r-moraru/tema-TSS/network/rpc_network/proto/rpc_network_grpc.pb.go:134.77,136.3 1 0
github.com/r-moraru/tema-TSS/network/rpc_network/proto/rpc_network_grpc.pb.go:137.2,137.44 1 0
github.com/r-moraru/tema-TSS/network/rpc_network/proto/rpc_network_grpc.pb.go:140.170,142.32 2 0
github.com/r-moraru/tema-TSS/network/rpc_network/proto/rpc_network_grpc.pb.go:142.32,144.3 1 0
github.com/r-moraru/tema-TSS/network/rpc_network/proto/rpc_network_grpc.pb.go:145.2,145.24 1 0
github.com/r-moraru/tema-TSS/network/rpc_network/proto/rpc_network_grpc.pb.go:145.24,147.3 1 0
github.com/r-moraru/tema-TSS/network/rpc_network/proto/rpc_network_grpc.pb.go:148.2,152.77 2 0
github.com/r-moraru/tema-TSS/network/rpc_network/proto/rpc_network_grpc.pb.go:152.77,154.3 1 0
github.com/r-moraru/tema-TSS/network/rpc_network/proto/rpc_network_grpc.pb.go:155.2,155.44 1 0
github.com/r-moraru/tema-TSS/network/rpc_network/proto/rpc_network_grpc.pb.go:158.169,160.32 2 0
github.com/r-moraru/tema-TSS/network/rpc_network/proto/rpc_network_grpc.pb.go:160.32,162.3 1 0
github.com/r-moraru/tema-TSS/network/rpc_network/proto/rpc_network_grpc.pb.go:163.2,163.24 1 0
github.com/r-moraru/tema-TSS/network/rpc_network/proto/rpc_network_grpc.pb.go:163.24,165.3 1 0
github.com/r-moraru/tema-TSS/network/rpc_network/proto/rpc_network_grpc.pb.go:166.2,170.77 2 0
github.com/r-moraru/tema-TSS/network/rpc_network/proto/rpc_network_grpc.pb.go:170.77,172.3 1 0
github.com/r-moraru/tema-TSS/network/rpc_network/proto/rpc_network_grpc.pb.go:173.2,173.44 1 0
github.com/r-moraru/tema-TSS/network/rpc_network/proto/rpc_network_grpc.pb.go:176.164,178.32 2 0
github.com/r-moraru/tema-TSS/network/rpc_network/proto/rpc_network_grpc.pb.go:178.32,180.3 1 0
github.com/r-moraru/tema-TSS/network/rpc_network/proto/rpc_network_grpc.pb.go:181.2,181.24 1 0
github.com/r-moraru/tema-TSS/network/rpc_network/proto/rpc_network_grpc.pb.go:181.24,183.3 1 0
github.com/r-moraru/tema-TSS/network/rpc_network/proto/rpc_network_grpc.pb.go:184.2,188.77 2 0
github.com/r-moraru/tema-TSS/network/rpc_network/proto/rpc_network_grpc.pb.go:188.77,190.3 1 0
github.com/r-moraru/tema-TSS/network/rpc_network/proto/rpc_network_grpc.pb.go:191.2,191.44 1 0
github.com/r-moraru/tema-TSS/network/rpc_network/proto/rpc_network.pb.go:31.40,33.29 2 0
github.com/r-moraru/tema-TSS/network/rpc_network/proto/rpc_network.pb.go:33.29,37.3 3 0
github.com/r-moraru/tema-TSS/network/rpc_network/proto/rpc_network.pb.go:40.48,42.2 1 0
github.com/r-moraru/tema-TSS/network/rpc_network/proto/rpc_network.pb.go:44.46,44.47 0 0
github.com/r-moraru/tema-TSS/network/rpc_network/proto/rpc_network.pb.go:46.68,48.41 2 0
github.com/r-moraru/tema-TSS/network/rpc_network/proto/rpc_network.pb.go:48.41,50.34 2 0
github.com/r-moraru/tema-TSS/network/rpc_network/proto/rpc_network.pb.go:50.34,52.4 1 0
github.com/r-moraru/tema-TSS/network/rpc_network/proto/rpc_network.pb.go:53.3,53.12 1 0
github.com/r-moraru/tema-TSS/network/rpc_network/proto/rpc_network.pb.go:55.2,55.24 1 0
github.com/r-moraru/tema-TSS/network/rpc_network/proto/rpc_network.pb.go:59.59,61.2 1 0
github.com/r-moraru/tema-TSS/network/rpc_network/proto/rpc_network.pb.go:63.51,64.14 1 1
github.com/r-moraru/tema-TSS/network/rpc_network/proto/rpc_network.pb.go:64.14,66.3 1 1
github.com/r-moraru/tema-TSS/network/rpc_network/proto/rpc_network.pb.go:67.2,67.11 1 0
github.com/r-moraru/tema-TSS/network/rpc_network/proto/rpc_network.pb.go:82.25,84.29 2 0
github.com/r-moraru/tema-TSS/network/rpc_network/proto/rpc_network.pb.go:84.29,88.3 3 0
github.com/r-moraru/tema-TSS/network/rpc_network/proto/rpc_network.pb.go:91.33,93.2 1 0
github.com/r-moraru/tema-TSS/network/rpc_network/proto/rpc_network.pb.go:95.31,95.32 0 0
github.com/r-moraru/tema-TSS/network/rpc_network/proto/rpc_network.pb.go:97.53,99.41 2 0
github.com/r-moraru/tema-TSS/network/rpc_network/proto/rpc_network.pb.go:99.41,101.34 2 0
github.com/r-moraru/tema-TSS/network/rpc_network/proto/rpc_network.pb.go:101.34,103.4 1 0
github.com/r-moraru/tema-TSS/network/rpc_network/proto/rpc_network.pb.go:104.3,104.12 1 0
github.com/r-moraru/tema-TSS/network/rpc_network/proto/rpc_network.pb.go:106.2,106.24 1 0
github.com/r-moraru/tema-TSS/network/rpc_network/proto/rpc_network.pb.go:110.44,112.2 1 0
github.com/r-moraru/tema-TSS/network/rpc_network/proto/rpc_network.pb.go:114.34,115.14 1 1
github.com/r-moraru/tema-TSS/network/rpc_network/proto/rpc_network.pb.go:115.14,117.3 1 1
github.com/r-moraru/tema-TSS/network/rpc_network/proto/rpc_network.pb.go:118.2,118.11 1 0
github.com/r-moraru/tema-TSS/network/rpc_network/proto/rpc_network.pb.go:121.42,122.14 1 1
github.com/r-moraru/tema-TSS/network/rpc_network/proto/rpc_network.pb.go:122.14,124.3 1 1
github.com/r-moraru/tema-TSS/network/rpc_network/proto/rpc_network.pb.go:125.2,125.11 1 0
github.com/r-moraru/tema-TSS/network/rpc_network/proto/rpc_network.pb.go:128.38,129.14 1 1
github.com/r-moraru/tema-TSS/network/rpc_network/proto/rpc_network.pb.go:129.14,131.3 1 1
github.com/r-moraru/tema-TSS/network/rpc_network/proto/rpc_network.pb.go:132.2,132.10 1 0
github.com/r-moraru/tema-TSS/network/rpc_network/proto/rpc_network.pb.go:135.34,136.14 1 1
github.com/r-moraru/tema-TSS/network/rpc_network/proto/rpc_network.pb.go:136.14,138.3 1 1
github.com/r-moraru/tema-TSS/network/rpc_network/proto/rpc_network.pb.go:139.2,139.10 1 0
github.com/r-moraru/tema-TSS/network/rpc_network/proto/rpc_network.pb.go:142.34,143.14 1 1
github.com/r-moraru/tema-TSS/network/rpc_network/proto/rpc_network.pb.go:143.14,145.3 1 1
github.com/r-moraru/tema-TSS/network/rpc_network/proto/rpc_network.pb.go:146.2,146.11 1 0
github.com/r-moraru/tema-TSS/network/rpc_network/proto/rpc_network.pb.go:157.30,159.29 2 0
github.com/r-moraru/tema-TSS/network/rpc_network/proto/rpc_network.pb.go:159.29,163.3 3 0
github.com/r-moraru/tema-TSS/network/rpc_network/proto/rpc_network.pb.go:166.38,168.2 1 0
github.com/r-moraru/tema-TSS/network/rpc_network/proto/rpc_network.pb.go:170.36,170.37 0 0
github.com/r-moraru/tema-TSS/network/rpc_network/proto/rpc_network.pb.go:172.58,174.41 2 0
github.com/r-moraru/tema-TSS/network/rpc_network/proto/rpc_network.pb.go:174.41,176.34 2 0
github.com/r-moraru/tema-TSS/network/rpc_network/proto/rpc_network.pb.go:176.34,178.4 1 0
github.com/r-moraru/tema-TSS/network/rpc_network/proto/rpc_network.pb.go:179.3,179.12 1 0
github.com/r-moraru/tema-TSS/network/rpc_network/proto/rpc_network.pb.go:181.2,181.24 1 0
github.com/r-moraru/tema-TSS/network/rpc_network/proto/rpc_network.pb.go:185.49,187.2 1 0
github.com/r-moraru/tema-TSS/network/rpc_network/proto/rpc_network.pb.go:189.43,190.14 1 1
github.com/r-moraru/tema-TSS/network/rpc_network/proto/rpc_network.pb.go:190.14,192.3 1 1
github.com/r-moraru/tema-TSS/network/rpc_network/proto/rpc_network.pb.go:193.2,193.12 1 0
github.com/r-moraru/tema-TSS/network/rpc_network/proto/rpc_network.pb.go:204.24,206.29 2 0
github.com/r-moraru/tema-TSS/network/rpc_network/proto/rpc_network.pb.go:206.29,210.3 3 0
github.com/r-moraru/tema-TSS/network/rpc_network/proto/rpc_network.pb.go:213.32,215.2 1 0
github.com/r-moraru/tema-TSS/network/rpc_network/proto/rpc_network.pb.go:217.30,217.31 0 0
github.com/r-moraru/tema-TSS/network/rpc_network/proto/rpc_network.pb.go:219.52,221.41 2 0
github.com/r-moraru/tema-TSS/network/rpc_network/proto/rpc_network.pb.go:221.41,223.34 2 0
github.com/r-moraru/tema-TSS/network/rpc_network/proto/rpc_network.pb.go:223.34,225.4 1 0
github.com/r-moraru/tema-TSS/network/rpc_network/proto/rpc_network.pb.go:226.3,226.12 1 0
github.com/r-moraru/tema-TSS/network/rpc_network/proto/rpc_network.pb.go:228.2,228.24 1 0
github.com/r-moraru/tema-TSS/network/rpc_network/proto/rpc_network.pb.go:232.43,234.2 1 0
github.com/r-moraru/tema-TSS/network/rpc_network/proto/rpc_network.pb.go:236.33,237.14 1 1
github.com/r-moraru/tema-TSS/network/rpc_network/proto/rpc_network.pb.go:237.14,239.3 1 1
github.com/r-moraru/tema-TSS/network/rpc_network/proto/rpc_network.pb.go:240.2,240.11 1 0
github.com/r-moraru/tema-TSS/network/rpc_network/proto/rpc_network.pb.go:251.37,253.29 2 0
github.com/r-moraru/tema-TSS/network/rpc_network/proto/rpc_network.pb.go:253.29,257.3 3 0
github.com/r-moraru/tema-TSS/network/rpc_network/proto/rpc_network.pb.go:260.45,262.2 1 0
github.com/r-moraru/tema-TSS/network/rpc_network/proto/rpc_network.pb.go:264.43,264.44 0 0
github.com/r-moraru/tema-TSS/network/rpc_network/proto/rpc_network.pb.go:266.65,268.41 2 0
github.com/r-moraru/tema-TSS/network/rpc_network/proto/rpc_network.pb.go:268.41,270.34 2 0
github.com/r-moraru/tema-TSS/network/rpc_network/proto/rpc_network.pb.go:270.34,272.4 1 0
github.com/r-moraru/tema-TSS/network/rpc_network/proto/rpc_network.pb.go:273.3,273.12 1 0
github.com/r-moraru/tema-TSS/network/rpc_network/proto/rpc_network.pb.go:275.2,275.24 1 0
github.com/r-moraru/tema-TSS/network/rpc_network/proto/rpc_network.pb.go:279.56,281.2 1 0
github.com/r-moraru/tema-TSS/network/rpc_network/proto/rpc_network.pb.go:283.48,284.14 1 1
github.com/r-moraru/tema-TSS/network/rpc_network/proto/rpc_network.pb.go:284.14,286.3 1 1
github.com/r-moraru/tema-TSS/network/rpc_network/proto/rpc_network.pb.go:287.2,287.14 1 0
github.com/r-moraru/tema-TSS/network/rpc_network/proto/rpc_network.pb.go:298.42,300.29 2 0
github.com/r-moraru/tema-TSS/network/rpc_network/proto/rpc_network.pb.go:300.29,304.3 3 0
github.com/r-moraru/tema-TSS/network/rpc_network/proto/rpc_network.pb.go:307.50,309.2 1 0
github.com/r-moraru/tema-TSS/network/rpc_network/proto/rpc_network.pb.go:311.48,311.49 0 0
github.com/r-moraru/tema-TSS/network/rpc_network/proto/rpc_network.pb.go:313.70,315.41 2 0
github.com/r-moraru/tema-TSS/network/rpc_network/proto/rpc_network.pb.go:315.41,317.34 2 0
github.com/r-moraru/tema-TSS/network/rpc_network/proto/rpc_network.pb.go:317.34,319.4 1 0
github.com/r-moraru/tema-TSS/network/rpc_network/proto/rpc_network.pb.go:320.3,320.12 1 0
github.com/r-moraru/tema-TSS/network/rpc_network/proto/rpc_network.pb.go:322.2,322.24 1 0
github.com/r-moraru/tema-TSS/network/rpc_network/proto/rpc_network.pb.go:326.61,328.2 1 0
github.com/r-moraru/tema-TSS/network/rpc_network/proto/rpc_network.pb.go:330.53,331.14 1 0
github.com/r-moraru/tema-TSS/network/rpc_network/proto/rpc_network.pb.go:331.14,333.3 1 0
github.com/r-moraru/tema-TSS/network/rpc_network/proto/rpc_network.pb.go:334.2,334.14 1 0
github.com/r-moraru/tema-TSS/network/rpc_network/proto/rpc_network.pb.go:343.41,345.29 2 0
github.com/r-moraru/tema-TSS/network/rpc_network/proto/rpc_network.pb.go:345.29,349.3 3 0
github.com/r-moraru/tema-TSS/network/rpc_network/proto/rpc_network.pb.go:352.49,354.2 1 0
github.com/r-moraru/tema-TSS/network/rpc_network/proto/rpc_network.pb.go:356.47,356.48 0 0
github.com/r-moraru/tema-TSS/network/rpc_network/proto/rpc_network.pb.go:358.69,360.41 2 0
github.com/r-moraru/tema-TSS/network/rpc_network/proto/rpc_network.pb.go:360.41,362.34 2 0
github.com/r-moraru/tema-TSS/network/rpc_network/proto/rpc_network.pb.go:362.34,364.4 1 0
github.com/r-moraru/tema-TSS/network/rpc_network/proto/rpc_network.pb.go:365.3,365.12 1 0
github.com/r-moraru/tema-TSS/network/rpc_network/proto/rpc_network.pb.go:367.2,367.24 1 0
github.com/r-moraru/tema-TSS/network/rpc_network/proto/rpc_network.pb.go:371.60,373.2 1 0
github.com/r-moraru/tema-TSS/network/rpc_network/proto/rpc_network.pb.go:381.36,383.29 2 0
github.com/r-moraru/tema-TSS/network/rpc_network/proto/rpc_network.pb.go:383.29,387.3 3 0
github.com/r-moraru/tema-TSS/network/rpc_network/proto/rpc_network.pb.go:390.44,392.2 1 0
github.com/r-moraru/tema-TSS/network/rpc_network/proto/rpc_network.pb.go:394.42,394.43 0 0
github.com/r-moraru/tema-TSS/network/rpc_network/proto/rpc_network.pb.go:396.64,398.41 2 0
github.com/r-moraru/tema-TSS/network/rpc_network/proto/rpc_network.pb.go:398.41,400.34 2 0
github.com/r-moraru/tema-TSS/network/rpc_network/proto/rpc_network.pb.go:400.34,402.4 1 0
github.com/r-moraru/tema-TSS/network/rpc_network/proto/rpc_network.pb.go:403.3,403.12 1 0
github.com/r-moraru/tema-TSS/network/rpc_network/proto/rpc_network.pb.go:405.2,405.24 1 0
github.com/r-moraru/tema-TSS/network/rpc_network/proto/rpc_network.pb.go:409.55,411.2 1 0
github.com/r-moraru/tema-TSS/network/rpc_network/proto/rpc_network.pb.go:472.50,473.47 1 0
github.com/r-moraru/tema-TSS/network/rpc_network/proto/rpc_network.pb.go:473.47,475.3 1 0
github.com/r-moraru/tema-TSS/network/rpc_network/proto/rpc_network.pb.go:476.2,476.43 1 0
github.com/r-moraru/tema-TSS/network/rpc_network/proto/rpc_network.pb.go:507.13,507.46 1 1
github.com/r-moraru/tema-TSS/network/rpc_network/proto/rpc_network.pb.go:508.36,509.35 1 1
github.com/r-moraru/tema-TSS/network/rpc_network/proto/rpc_network.pb.go:509.35,511.3 1 0
github.com/r-moraru/tema-TSS/network/rpc_network/proto/rpc_network.pb.go:512.2,512.30 1 1
github.com/r-moraru/tema-TSS/network/rpc_network/proto/rpc_network.pb.go:512.30,513.88 1 0
github.com/r-moraru/tema-TSS/network/rpc_network/proto/rpc_network.pb.go:513.88,514.45 1 0
github.com/r-moraru/tema-TSS/network/rpc_network/proto/rpc_network.pb.go:515.11,516.20 1 0
github.com/r-moraru/tema-TSS/network/rpc_network/proto/rpc_network.pb.go:517.11,518.24 1 0
github.com/r-moraru/tema-TSS/network/rpc_network/proto/rpc_network.pb.go:519.11,520.28 1 0
github.com/r-moraru/tema-TSS/network/rpc_network/proto/rpc_network.pb.go:521.12,522.15 1 0
github.com/r-moraru/tema-TSS/network/rpc_network/proto/rpc_network.pb.go:525.3,525.88 1 0
github.com/r-moraru/tema-TSS/network/rpc_network/proto/rpc_network.pb.go:525.88,526.30 1 0
github.com/r-moraru/tema-TSS/network/rpc_network/proto/rpc_network.pb.go:527.11,528.20 1 0
github.com/r-moraru/tema-TSS/network/rpc_network/proto/rpc_network.pb.go:529.11,530.24 1 0
github.com/r-moraru/tema-TSS/network/rpc_network/proto/rpc_network.pb.go:531.11,532.28 1 0
github.com/r-moraru/tema-TSS/network/rpc_network/proto/rpc_network.pb.go:533.12,534.15 1 0
github.com/r-moraru/tema-TSS/network/rpc_network/proto/rpc_network.pb.go:537.3,537.88 1 0
github.com/r-moraru/tema-TSS/network/rpc_network/proto/rpc_network.pb.go:537.88,538.35 1 0
github.com/r-moraru/tema-TSS/network/rpc_network/proto/rpc_network.pb.go:539.11,540.20 1 0
github.com/r-moraru/tema-TSS/network/rpc_network/proto/rpc_network.pb.go:541.11,542.24 1 0
github.com/r-moraru/tema-TSS/network/rpc_network/proto/rpc_network.pb.go:543.11,544.28 1 0
github.com/r-moraru/tema-TSS/network/rpc_network/proto/rpc_network.pb.go:545.12,546.15 1 0
github.com/r-moraru/tema-TSS/network/rpc_network/proto/rpc_network.pb.go:549.3,549.88 1 0
github.com/r-moraru/tema-TSS/network/rpc_network/proto/rpc_network.pb.go:549.88,550.29 1 0
github.com/r-moraru/tema-TSS/network/rpc_network/proto/rpc_network.pb.go:551.11,552.20 1 0
github.com/r-moraru/tema-TSS/network/rpc_network/proto/rpc_network.pb.go:553.11,554.24 1 0
github.com/r-moraru/tema-TSS/network/rpc_network/proto/rpc_network.pb.go:555.11,556.28 1 0
github.com/r-moraru/tema-TSS/network/rpc_network/proto/rpc_network.pb.go:557.12,558.15 1 0
github.com/r-moraru/tema-TSS/network/rpc_network/proto/rpc_network.pb.go:561.3,561.88 1 0
github.com/r-moraru/tema-TSS/network/rpc_network/proto/rpc_network.pb.go:561.88,562.42 1 0
github.com/r-moraru/tema-TSS/network/rpc_network/proto/rpc_network.pb.go:563.11,564.20 1 0
github.com/r-moraru/tema-TSS/network/rpc_network/proto/rpc_network.pb.go:565.11,566.24 1 0
github.com/r-moraru/tema-TSS/network/rpc_network/proto/rpc_network.pb.go:567.11,568.28 1 0
github.com/r-moraru/tema-TSS/network/rpc_network/proto/rpc_network.pb.go:569.12,570.15 1 0
github.com/r-moraru/tema-TSS/network/rpc_network/proto/rpc_network.pb.go:573.3,573.88 1 0
github.com/r-moraru/tema-TSS/network/rpc_network/proto/rpc_network.pb.go:573.88,574.47 1 0
github.com/r-moraru/tema-TSS/network/rpc_network/proto/rpc_network.pb.go:575.11,576.20 1 0
github.com/r-moraru/tema-TSS/network/rpc_network/proto/rpc_network.pb.go:577.11,578.24 1 0
github.com/r-moraru/tema-TSS/network/rpc_network/proto/rpc_network.pb.go:579.11,580.28 1 0
github.com/r-moraru/tema-TSS/network/rpc_network/proto/rpc_network.pb.go:581.12,582.15 1 0
github.com/r-moraru/tema-TSS/network/rpc_network/proto/rpc_network.pb.go:585.3,585.88 1 0
github.com/r-moraru/tema-TSS/network/rpc_network/proto/rpc_network.pb.go:585.88,586.46 1 0
github.com/r-moraru/tema-TSS/network/rpc_network/proto/rpc_network.pb.go:587.11,588.20 1 0
github.com/r-moraru/tema-TSS/network/rpc_network/proto/rpc_network.pb.go:589.11,590.24 1 0
github.com/r-moraru/tema-TSS/network/rpc_network/proto/rpc_network.pb.go:591.11,592.28 1 0
github.com/r-moraru/tema-TSS/network/rpc_network/proto/rpc_network.pb.go:593.12,594.15 1 0
github.com/r-moraru/tema-TSS/network/rpc_network/proto/rpc_network.pb.go:597.3,597.88 1 0
github.com/r-moraru/tema-TSS/network/rpc_network/proto/rpc_network.pb.go:597.88,598.41 1 0
github.com/r-moraru/tema-TSS/network/rpc_network/proto/rpc_network.pb.go:599.11,600.20 1 0
github.com/r-moraru/tema-TSS/network/rpc_network/proto/rpc_network.pb.go:601.11,602.24 1 0
github.com/r-moraru/tema-TSS/network/rpc_network/proto/rpc_network.pb.go:603.11,604.28 1 0
github.com/r-moraru/tema-TSS/network/rpc_network/proto/rpc_network.pb.go:605.12,606.15 1 0
github.com/r-moraru/tema-TSS/network/rpc_network/proto/rpc_network.pb.go:610.2,627.38 6 1
github.com/r-moraru/tema-TSS/network/rpc_network/proto/rpc_network_grpc.pb.go:42.72,44.2 1 0
github.com/r-moraru/tema-TSS/network/rpc_network/proto/rpc_network_grpc.pb.go:46.123,49.16 3 0
github.com/r-moraru/tema-TSS/network/rpc_network/proto/rpc_network_grpc.pb.go:49.16,51.3 1 0
github.com/r-moraru/tema-TSS/network/rpc_network/proto/rpc_network_grpc.pb.go:52.2,52.17 1 0
github.com/r-moraru/tema-TSS/network/rpc_network/proto/rpc_network_grpc.pb.go:55.138,58.16 3 0
github.com/r-moraru/tema-TSS/network/rpc_network/proto/rpc_network_grpc.pb.go:58.16,60.3 1 0
github.com/r-moraru/tema-TSS/network/rpc_network/proto/rpc_network_grpc.pb.go:61.2,61.17 1 0
github.com/r-moraru/tema-TSS/network/rpc_network/proto/rpc_network_grpc.pb.go:64.146,67.16 3 0
github.com/r-moraru/tema-TSS/network/rpc_network/proto/rpc_network_grpc.pb.go:67.16,69.3 1 0
github.com/r-moraru/tema-TSS/network/rpc_network/proto/rpc_network_grpc.pb.go:70.2,70.17 1 0
github.com/r-moraru/tema-TSS/network/rpc_network/proto/rpc_network_grpc.pb.go:73.120,76.16 3 0
github.com/r-moraru/tema-TSS/network/rpc_network/proto/rpc_network_grpc.pb.go:76.16,78.3 1 0
github.com/r-moraru/tema-TSS/network/rpc_network/proto/rpc_network_grpc.pb.go:79.2,79.17 1 0
github.com/r-moraru/tema-TSS/network/rpc_network/proto/rpc_network_grpc.pb.go:97.101,99.2 1 0
github.com/r-moraru/tema-TSS/network/rpc_network/proto/rpc_network_grpc.pb.go:100.116,102.2 1 0
github.com/r-moraru/tema-TSS/network/rpc_network/proto/rpc_network_grpc.pb.go:103.124,105.2 1 0
github.com/r-moraru/tema-TSS/network/rpc_network/proto/rpc_network_grpc.pb.go:106.98,108.2 1 0
github.com/r-moraru/tema-TSS/network/rpc_network/proto/rpc_network_grpc.pb.go:109.80,109.81 0 0
github.com/r-moraru/tema-TSS/network/rpc_network/proto/rpc_network_grpc.pb.go:118.78,120.2 1 1
github.com/r-moraru/tema-TSS/network/rpc_network/proto/rpc_network_grpc.pb.go:122.165,124.32 2 0
github.com/r-moraru/tema-TSS/network/rpc_network/proto/rpc_network_grpc.pb.go:124.32,126.3 1 0
github.com/r-moraru/tema-TSS/network/rpc_network/proto/rpc_network_grpc.pb.go:127.2,127.24 1 0
github.com/r-moraru/tema-TSS/network/rpc_network/proto/rpc_network_grpc.pb.go:127.24,129.3 1 0
github.com/r-moraru/tema-TSS/network/rpc_network/proto/rpc_network_grpc.pb.go:130.2,134.77 2 0
github.com/r-moraru/tema-TSS/network/rpc_network/proto/rpc_network_grpc.pb.go:134.77,136.3 1 0
github.com/r-moraru/tema-TSS/network/rpc_network/proto/rpc_network_grpc.pb.go:137.2,137.44 1 0
github.com/r-moraru/tema-TSS/network/rpc_network/proto/rpc_network_grpc.pb.go:140.170,142.32 2 0
github.com/r-moraru/tema-TSS/network/rpc_network/proto/rpc_network_grpc.pb.go:142.32,144.3 1 0
github.com/r-moraru/tema-TSS/network/rpc_network/proto/rpc_network_grpc.pb.go:145.2,145.24 1 0
github.com/r-moraru/tema-TSS/network/rpc_network/proto/rpc_network_grpc.pb.go:145.24,147.3 1 0
github.com/r-moraru/tema-TSS/network/rpc_network/proto/rpc_network_grpc.pb.go:148.2,152.77 2 0
github.com/r-moraru/tema-TSS/network/rpc_network/proto/rpc_network_grpc.pb.go:152.77,154.3 1 0
github.com/r-moraru/tema-TSS/network/rpc_network/proto/rpc_network_grpc.pb.go:155.2,155.44 1 0
github.com/r-moraru/tema-TSS/network/rpc_network/proto/rpc_network_grpc.pb.go:158.169,160.32 2 0
github.com/r-moraru/tema-TSS/network/rpc_network/proto/rpc_network_grpc.pb.go:160.32,162.3 1 0
github.com/r-moraru/tema-TSS/network/rpc_network/proto/rpc_network_grpc.pb.go:163.2,163.24 1 0
github.com/r-moraru/tema-TSS/network/rpc_network/proto/rpc_network_grpc.pb.go:163.24,165.3 1 0
github.com/r-moraru/tema-TSS/network/rpc_network/proto/rpc_network_grpc.pb.go:166.2,170.77 2 0
github.com/r-moraru/tema-TSS/network/rpc_network/proto/rpc_network_grpc.pb.go:170.77,172.3 1 0
github.com/r-moraru/tema-TSS/network/rpc_network/proto/rpc_network_grpc.pb.go:173.2,173.44 1 0
github.com/r-moraru/tema-TSS/network/rpc_network/proto/rpc_network_grpc.pb.go:176.164,178.32 2 0
github.com/r-moraru/tema-TSS/network/rpc_network/proto/rpc_network_grpc.pb.go:178.32,180.3 1 0
github.com/r-moraru/tema-TSS/network/rpc_network/proto/rpc_network_grpc.pb.go:181.2,181.24 1 0
github.com/r-moraru/tema-TSS/network/rpc_network/proto/rpc_network_grpc.pb.go:181.24,183.3 1 0
github.com/r-moraru/tema-TSS/network/rpc_network/proto/rpc_network_grpc.pb.go:184.2,188.77 2 0
github.com/r-moraru/tema-TSS/network/rpc_network/proto/rpc_network_grpc.pb.go:188.77,190.3 1 0
github.com/r-moraru/tema-TSS/network/rpc_network/proto/rpc_network_grpc.pb.go:191.2,191.44 1 0
github.com/r-moraru/tema-TSS/network/rpc_network/server/rpc_network_server.go:23.98,34.26 3 1
github.com/r-moraru/tema-TSS/network/rpc_network/server/rpc_network_server.go:34.26,37.3 2 1
github.com/r-moraru/tema-TSS/network/rpc_network/server/rpc_network_server.go:39.2,39.17 1 1
github.com/r-moraru/tema-TSS/network/rpc_network/server/rpc_network_server.go:42.121,48.2 3 1
github.com/r-moraru/tema-TSS/network/rpc_network/server/rpc_network_server.go:50.113,54.45 3 1
github.com/r-moraru/tema-TSS/network/rpc_network/server/rpc_network_server.go:54.45,62.46 2 1
github.com/r-moraru/tema-TSS/network/rpc_network/server/rpc_network_server.go:62.46,64.4 1 1
github.com/r-moraru/tema-TSS/network/rpc_network/server/rpc_network_server.go:67.2,70.17 3 1
github.com/r-moraru/tema-TSS/network/rpc_network/server/rpc_network_server.go:73.95,76.2 2 1
github.com/r-moraru/tema-TSS/network/rpc_network/server/rpc_network_server.go:78.57,87.31 4 1
github.com/r-moraru/tema-TSS/network/rpc_network/server/rpc_network_server.go:87.31,89.3 1 1
github.com/r-moraru/tema-TSS/network/rpc_network/server/rpc_network_server.go:91.2,92.16 2 1
github.com/r-moraru/tema-TSS/network/rpc_network/server/rpc_network_server.go:92.16,94.3 1 0
github.com/r-moraru/tema-TSS/network/rpc_network/server/rpc_network_server.go:96.2,96.12 1 1
github.com/r-moraru/tema-TSS/network/rpc_network/server/rpc_network_server.go:96.12,98.3 1 1
github.com/r-moraru/tema-TSS/network/rpc_network/server/rpc_network_server.go:100.2,100.44 1 1
github.com/r-moraru/tema-TSS/network/rpc_network/network.go:23.71,25.16 2 0
github.com/r-moraru/tema-TSS/network/rpc_network/network.go:25.16,27.3 1 0
github.com/r-moraru/tema-TSS/network/rpc_network/network.go:28.2,30.15 3 0
github.com/r-moraru/tema-TSS/network/rpc_network/network.go:33.92,35.58 2 0
github.com/r-moraru/tema-TSS/network/rpc_network/network.go:35.58,37.17 2 0
github.com/r-moraru/tema-TSS/network/rpc_network/network.go:37.17,39.4 1 0
github.com/r-moraru/tema-TSS/network/rpc_network/network.go:41.2,41.14 1 0
github.com/r-moraru/tema-TSS/network/rpc_network/network.go:44.117,46.16 2 1
github.com/r-moraru/tema-TSS/network/rpc_network/network.go:46.16,48.3 1 0
github.com/r-moraru/tema-TSS/network/rpc_network/network.go:50.2,57.24 2 1
github.com/r-moraru/tema-TSS/network/rpc_network/network.go:60.70,62.66 2 1
github.com/r-moraru/tema-TSS/network/rpc_network/network.go:62.66,64.3 1 1
github.com/r-moraru/tema-TSS/network/rpc_network/network.go:65.2,65.21 1 1
github.com/r-moraru/tema-TSS/network/rpc_network/network.go:68.65,70.76 2 1
github.com/r-moraru/tema-TSS/network/rpc_network/network.go:70.76,72.3 1 1
github.com/r-moraru/tema-TSS/network/rpc_network/network.go:73.2,73.21 1 1
github.com/r-moraru/tema-TSS/network/rpc_network/network.go:76.46,78.37 2 1
github.com/r-moraru/tema-TSS/network/rpc_network/network.go:78.37,79.13 1 1
github.com/r-moraru/tema-TSS/network/rpc_network/network.go:79.13,81.12 2 0
github.com/r-moraru/tema-TSS/network/rpc_network/network.go:83.3,85.72 3 1
github.com/r-moraru/tema-TSS/network/rpc_network/network.go:89.56,91.53 2 1
github.com/r-moraru/tema-TSS/network/rpc_network/network.go:91.53,93.3 1 1
github.com/r-moraru/tema-TSS/network/rpc_network/network.go:94.2,94.21 1 1
github.com/r-moraru/tema-TSS/network/rpc_network/network.go:97.47,98.42 1 1
github.com/r-moraru/tema-TSS/network/rpc_network/network.go:98.42,108.17 4 1
github.com/r-moraru/tema-TSS/network/rpc_network/network.go:108.17,109.12 1 0
github.com/r-moraru/tema-TSS/network/rpc_network/network.go:111.3,111.34 1 1
github.com/r-moraru/tema-TSS/network/rpc_network/network.go:111.34,113.4 1 1
github.com/r-moraru/tema-TSS/network/rpc_network/network.go:117.62,120.30 3 1
github.com/r-moraru/tema-TSS/network/rpc_network/network.go:120.30,122.3 1 1
github.com/r-moraru/tema-TSS/network/rpc_network/network.go:123.2,126.33 4 1
github.com/r-moraru/tema-TSS/network/rpc_network/network.go:126.33,135.3 2 1
github.com/r-moraru/tema-TSS/network/rpc_network/network.go:136.2,136.57 1 1
github.com/r-moraru/tema-TSS/network/rpc_network/network.go:139.44,141.58 2 1
github.com/r-moraru/tema-TSS/network/rpc_network/network.go:141.58,143.3 1 1
github.com/r-moraru/tema-TSS/network/rpc_network/network.go:144.2,144.20 1 1
github.com/r-moraru/tema-TSS/network/rpc_network/network.go:147.29,149.2 1 1
github.com/r-moraru/tema-TSS/network/rpc_network/mocks/RpcNetworkClient.go:24.65,26.2 1 1
github.com/r-moraru/tema-TSS/network/rpc_network/mocks/RpcNetworkClient.go:29.159,31.23 2 1
github.com/r-moraru/tema-TSS/network/rpc_network/mocks/RpcNetworkClient.go:31.23,33.3 1 0
github.com/r-moraru/tema-TSS/network/rpc_network/mocks/RpcNetworkClient.go:34.2,39.19 5 1
github.com/r-moraru/tema-TSS/network/rpc_network/mocks/RpcNetworkClient.go:39.19,40.55 1 0
github.com/r-moraru/tema-TSS/network/rpc_network/mocks/RpcNetworkClient.go:43.2,45.141 3 1
github.com/r-moraru/tema-TSS/network/rpc_network/mocks/RpcNetworkClient.go:45.141,47.3 1 0
github.com/r-moraru/tema-TSS/network/rpc_network/mocks/RpcNetworkClient.go:48.2,48.132 1 1
github.com/r-moraru/tema-TSS/network/rpc_network/mocks/RpcNetworkClient.go:48.132,50.3 1 0
github.com/r-moraru/tema-TSS/network/rpc_network/mocks/RpcNetworkClient.go:50.8,51.24 1 1
github.com/r-moraru/tema-TSS/network/rpc_network/mocks/RpcNetworkClient.go:51.24,53.4 1 1
github.com/r-moraru/tema-TSS/network/rpc_network/mocks/RpcNetworkClient.go:56.2,56.109 1 1
github.com/r-moraru/tema-TSS/network/rpc_network/mocks/RpcNetworkClient.go:56.109,58.3 1 0
github.com/r-moraru/tema-TSS/network/rpc_network/mocks/RpcNetworkClient.go:58.8,60.3 1 1
github.com/r-moraru/tema-TSS/network/rpc_network/mocks/RpcNetworkClient.go:62.2,62.15 1 1
github.com/r-moraru/tema-TSS/network/rpc_network/mocks/RpcNetworkClient.go:74.143,77.2 1 1
github.com/r-moraru/tema-TSS/network/rpc_network/mocks/RpcNetworkClient.go:79.177,80.40 1 0
github.com/r-moraru/tema-TSS/network/rpc_network/mocks/RpcNetworkClient.go:80.40,82.30 2 0
github.com/r-moraru/tema-TSS/network/rpc_network/mocks/RpcNetworkClient.go:82.30,83.16 1 0
github.com/r-moraru/tema-TSS/network/rpc_network/mocks/RpcNetworkClient.go:83.16,85.5 1 0
github.com/r-moraru/tema-TSS/network/rpc_network/mocks/RpcNetworkClient.go:87.3,87.89 1 0
github.com/r-moraru/tema-TSS/network/rpc_network/mocks/RpcNetworkClient.go:89.2,89.11 1 0
github.com/r-moraru/tema-TSS/network/rpc_network/mocks/RpcNetworkClient.go:92.137,95.2 2 1
github.com/r-moraru/tema-TSS/network/rpc_network/mocks/RpcNetworkClient.go:97.212,100.2 2 0
github.com/r-moraru/tema-TSS/network/rpc_network/mocks/RpcNetworkClient.go:103.136,105.23 2 1
github.com/r-moraru/tema-TSS/network/rpc_network/mocks/RpcNetworkClient.go:105.23,107.3 1 0
github.com/r-moraru/tema-TSS/network/rpc_network/mocks/RpcNetworkClient.go:108.2,113.19 5 1
github.com/r-moraru/tema-TSS/network/rpc_network/mocks/RpcNetworkClient.go:113.19,114.51 1 0
github.com/r-moraru/tema-TSS/network/rpc_network/mocks/RpcNetworkClient.go:117.2,119.122 3 1
github.com/r-moraru/tema-TSS/network/rpc_network/mocks/RpcNetworkClient.go:119.122,121.3 1 0
github.com/r-moraru/tema-TSS/network/rpc_network/mocks/RpcNetworkClient.go:122.2,122.113 1 1
github.com/r-moraru/tema-TSS/network/rpc_network/mocks/RpcNetworkClient.go:122.113,124.3 1 0
github.com/r-moraru/tema-TSS/network/rpc_network/mocks/RpcNetworkClient.go:124.8,125.24 1 1
github.com/r-moraru/tema-TSS/network/rpc_network/mocks/RpcNetworkClient.go:125.24,127.4 1 1
github.com/r-moraru/tema-TSS/network/rpc_network/mocks/RpcNetworkClient.go:130.2,130.94 1 1
github.com/r-moraru/tema-TSS/network/rpc_network/mocks/RpcNetworkClient.go:130.94,132.3 1 0
github.com/r-moraru/tema-TSS/network/rpc_network/mocks/RpcNetworkClient.go:132.8,134.3 1 1
github.com/r-moraru/tema-TSS/network/rpc_network/mocks/RpcNetworkClient.go:136.2,136.15 1 1
github.com/r-moraru/tema-TSS/network/rpc_network/mocks/RpcNetworkClient.go:148.135,151.2 1 1
github.com/r-moraru/tema-TSS/network/rpc_network/mocks/RpcNetworkClient.go:153.154,154.40 1 0
github.com/r-moraru/tema-TSS/network/rpc_network/mocks/RpcNetworkClient.go:154.40,156.30 2 0
github.com/r-moraru/tema-TSS/network/rpc_network/mocks/RpcNetworkClient.go:156.30,157.16 1 0
github.com/r-moraru/tema-TSS/network/rpc_network/mocks/RpcNetworkClient.go:157.16,159.5 1 0
github.com/r-moraru/tema-TSS/network/rpc_network/mocks/RpcNetworkClient.go:161.3,161.74 1 0
github.com/r-moraru/tema-TSS/network/rpc_network/mocks/RpcNetworkClient.go:163.2,163.11 1 0
github.com/r-moraru/tema-TSS/network/rpc_network/mocks/RpcNetworkClient.go:166.125,169.2 2 1
github.com/r-moraru/tema-TSS/network/rpc_network/mocks/RpcNetworkClient.go:171.185,174.2 2 0
github.com/r-moraru/tema-TSS/network/rpc_network/mocks/RpcNetworkClient.go:177.151,179.23 2 1
github.com/r-moraru/tema-TSS/network/rpc_network/mocks/RpcNetworkClient.go:179.23,181.3 1 0
github.com/r-moraru/tema-TSS/network/rpc_network/mocks/RpcNetworkClient.go:182.2,187.19 5 1
github.com/r-moraru/tema-TSS/network/rpc_network/mocks/RpcNetworkClient.go:187.19,188.56 1 0
github.com/r-moraru/tema-TSS/network/rpc_network/mocks/RpcNetworkClient.go:191.2,193.132 3 1
github.com/r-moraru/tema-TSS/network/rpc_network/mocks/RpcNetworkClient.go:193.132,195.3 1 0
github.com/r-moraru/tema-TSS/network/rpc_network/mocks/RpcNetworkClient.go:196.2,196.123 1 1
github.com/r-moraru/tema-TSS/network/rpc_network/mocks/RpcNetworkClient.go:196.123,198.3 1 0
github.com/r-moraru/tema-TSS/network/rpc_network/mocks/RpcNetworkClient.go:198.8,199.24 1 1
github.com/r-moraru/tema-TSS/network/rpc_network/mocks/RpcNetworkClient.go:199.24,201.4 1 1
github.com/r-moraru/tema-TSS/network/rpc_network/mocks/RpcNetworkClient.go:204.2,204.99 1 1
github.com/r-moraru/tema-TSS/network/rpc_network/mocks/RpcNetworkClient.go:204.99,206.3 1 0
github.com/r-moraru/tema-TSS/network/rpc_network/mocks/RpcNetworkClient.go:206.8,208.3 1 1
github.com/r-moraru/tema-TSS/network/rpc_network/mocks/RpcNetworkClient.go:210.2,210.15 1 1
github.com/r-moraru/tema-TSS/network/rpc_network/mocks/RpcNetworkClient.go:222.145,225.2 1 1
github.com/r-moraru/tema-TSS/network/rpc_network/mocks/RpcNetworkClient.go:227.169,228.40 1 0
github.com/r-moraru/tema-TSS/network/rpc_network/mocks/RpcNetworkClient.go:228.40,230.30 2 0
github.com/r-moraru/tema-TSS/network/rpc_network/mocks/RpcNetworkClient.go:230.30,231.16 1 0
github.com/r-moraru/tema-TSS/network/rpc_network/mocks/RpcNetworkClient.go:231.16,233.5 1 0
github.com/r-moraru/tema-TSS/network/rpc_network/mocks/RpcNetworkClient.go:235.3,235.79 1 0
github.com/r-moraru/tema-TSS/network/rpc_network/mocks/RpcNetworkClient.go:237.2,237.11 1 0
github.com/r-moraru/tema-TSS/network/rpc_network/mocks/RpcNetworkClient.go:240.140,243.2 2 1
github.com/r-moraru/tema-TSS/network/rpc_network/mocks/RpcNetworkClient.go:245.205,248.2 2 0
github.com/r-moraru/tema-TSS/network/rpc_network/mocks/RpcNetworkClient.go:251.133,253.23 2 0
github.com/r-moraru/tema-TSS/network/rpc_network/mocks/RpcNetworkClient.go:253.23,255.3 1 0
github.com/r-moraru/tema-TSS/network/rpc_network/mocks/RpcNetworkClient.go:256.2,261.19 5 0
github.com/r-moraru/tema-TSS/network/rpc_network/mocks/RpcNetworkClient.go:261.19,262.50 1 0
github.com/r-moraru/tema-TSS/network/rpc_network/mocks/RpcNetworkClient.go:265.2,267.120 3 0
github.com/r-moraru/tema-TSS/network/rpc_network/mocks/RpcNetworkClient.go:267.120,269.3 1 0
github.com/r-moraru/tema-TSS/network/rpc_network/mocks/RpcNetworkClient.go:270.2,270.111 1 0
github.com/r-moraru/tema-TSS/network/rpc_network/mocks/RpcNetworkClient.go:270.111,272.3 1 0
github.com/r-moraru/tema-TSS/network/rpc_network/mocks/RpcNetworkClient.go:272.8,273.24 1 0
github.com/r-moraru/tema-TSS/network/rpc_network/mocks/RpcNetworkClient.go:273.24,275.4 1 0
github.com/r-moraru/tema-TSS/network/rpc_network/mocks/RpcNetworkClient.go:278.2,278.93 1 0
github.com/r-moraru/tema-TSS/network/rpc_network/mocks/RpcNetworkClient.go:278.93,280.3 1 0
github.com/r-moraru/tema-TSS/network/rpc_network/mocks/RpcNetworkClient.go:280.8,282.3 1 0
github.com/r-moraru/tema-TSS/network/rpc_network/mocks/RpcNetworkClient.go:284.2,284.15 1 0
github.com/r-moraru/tema-TSS/network/rpc_network/mocks/RpcNetworkClient.go:296.133,299.2 1 0
github.com/r-moraru/tema-TSS/network/rpc_network/mocks/RpcNetworkClient.go:301.151,302.40 1 0
github.com/r-moraru/tema-TSS/network/rpc_network/mocks/RpcNetworkClient.go:302.40,304.30 2 0
github.com/r-moraru/tema-TSS/network/rpc_network/mocks/RpcNetworkClient.go:304.30,305.16 1 0
github.com/r-moraru/tema-TSS/network/rpc_network/mocks/RpcNetworkClient.go:305.16,307.5 1 0
github.com/r-moraru/tema-TSS/network/rpc_network/mocks/RpcNetworkClient.go:309.3,309.73 1 0
github.com/r-moraru/tema-TSS/network/rpc_network/mocks/RpcNetworkClient.go:311.2,311.11 1 0
github.com/r-moraru/tema-TSS/network/rpc_network/mocks/RpcNetworkClient.go:314.122,317.2 2 0
github.com/r-moraru/tema-TSS/network/rpc_network/mocks/RpcNetworkClient.go:319.181,322.2 2 0
github.com/r-moraru/tema-TSS/network/rpc_network/mocks/RpcNetworkClient.go:329.22,333.19 3 1
github.com/r-moraru/tema-TSS/network/rpc_network/mocks/RpcNetworkClient.go:333.19,333.49 1 1
github.com/r-moraru/tema-TSS/network/rpc_network/mocks/RpcNetworkClient.go:335.2,335.13 1 1
github.com/r-moraru/tema-TSS/network/rpc_network/proto/rpc_network.pb.go:31.40,33.29 2 0
github.com/r-moraru/tema-TSS/network/rpc_network/proto/rpc_network.pb.go:33.29,37.3 3 0
github.com/r-moraru/tema-TSS/network/rpc_network/proto/rpc_network.pb.go:40.48,42.2 1 1
github.com/r-moraru/tema-TSS/network/rpc_network/proto/rpc_network.pb.go:44.46,44.47 0 0
github.com/r-moraru/tema-TSS/network/rpc_network/proto/rpc_network.pb.go:46.68,48.41 2 1
github.com/r-moraru/tema-TSS/network/rpc_network/proto/rpc_network.pb.go:48.41,50.34 2 1
github.com/r-moraru/tema-TSS/network/rpc_network/proto/rpc_network.pb.go:50.34,52.4 1 1
github.com/r-moraru/tema-TSS/network/rpc_network/proto/rpc_network.pb.go:53.3,53.12 1 1
github.com/r-moraru/tema-TSS/network/rpc_network/proto/rpc_network.pb.go:55.2,55.24 1 0
github.com/r-moraru/tema-TSS/network/rpc_network/proto/rpc_network.pb.go:59.59,61.2 1 0
github.com/r-moraru/tema-TSS/network/rpc_network/proto/rpc_network.pb.go:63.51,64.14 1 0
github.com/r-moraru/tema-TSS/network/rpc_network/proto/rpc_network.pb.go:64.14,66.3 1 0
github.com/r-moraru/tema-TSS/network/rpc_network/proto/rpc_network.pb.go:67.2,67.11 1 0
github.com/r-moraru/tema-TSS/network/rpc_network/proto/rpc_network.pb.go:82.25,84.29 2 0
github.com/r-moraru/tema-TSS/network/rpc_network/proto/rpc_network.pb.go:84.29,88.3 3 0
github.com/r-moraru/tema-TSS/network/rpc_network/proto/rpc_network.pb.go:91.33,93.2 1 1
github.com/r-moraru/tema-TSS/network/rpc_network/proto/rpc_network.pb.go:95.31,95.32 0 0
github.com/r-moraru/tema-TSS/network/rpc_network/proto/rpc_network.pb.go:97.53,99.41 2 1
github.com/r-moraru/tema-TSS/network/rpc_network/proto/rpc_network.pb.go:99.41,101.34 2 1
github.com/r-moraru/tema-TSS/network/rpc_network/proto/rpc_network.pb.go:101.34,103.4 1 1
github.com/r-moraru/tema-TSS/network/rpc_network/proto/rpc_network.pb.go:104.3,104.12 1 1
github.com/r-moraru/tema-TSS/network/rpc_network/proto/rpc_network.pb.go:106.2,106.24 1 1
github.com/r-moraru/tema-TSS/network/rpc_network/proto/rpc_network.pb.go:110.44,112.2 1 0
github.com/r-moraru/tema-TSS/network/rpc_network/proto/rpc_network.pb.go:114.34,115.14 1 0
github.com/r-moraru/tema-TSS/network/rpc_network/proto/rpc_network.pb.go:115.14,117.3 1 0
github.com/r-moraru/tema-TSS/network/rpc_network/proto/rpc_network.pb.go:118.2,118.11 1 0
github.com/r-moraru/tema-TSS/network/rpc_network/proto/rpc_network.pb.go:121.42,122.14 1 0
github.com/r-moraru/tema-TSS/network/rpc_network/proto/rpc_network.pb.go:122.14,124.3 1 0
github.com/r-moraru/tema-TSS/network/rpc_network/proto/rpc_network.pb.go:125.2,125.11 1 0
github.com/r-moraru/tema-TSS/network/rpc_network/proto/rpc_network.pb.go:128.38,129.14 1 0
github.com/r-moraru/tema-TSS/network/rpc_network/proto/rpc_network.pb.go:129.14,131.3 1 0
github.com/r-moraru/tema-TSS/network/rpc_network/proto/rpc_network.pb.go:132.2,132.10 1 0
github.com/r-moraru/tema-TSS/network/rpc_network/proto/rpc_network.pb.go:135.34,136.14 1 0
github.com/r-moraru/tema-TSS/network/rpc_network/proto/rpc_network.pb.go:136.14,138.3 1 0
github.com/r-moraru/tema-TSS/network/rpc_network/proto/rpc_network.pb.go:139.2,139.10 1 0
github.com/r-moraru/tema-TSS/network/rpc_network/proto/rpc_network.pb.go:142.34,143.14 1 0
github.com/r-moraru/tema-TSS/network/rpc_network/proto/rpc_network.pb.go:143.14,145.3 1 0
github.com/r-moraru/tema-TSS/network/rpc_network/proto/rpc_network.pb.go:146.2,146.11 1 0
github.com/r-moraru/tema-TSS/network/rpc_network/proto/rpc_network.pb.go:157.30,159.29 2 0
github.com/r-moraru/tema-TSS/network/rpc_network/proto/rpc_network.pb.go:159.29,163.3 3 0
github.com/r-moraru/tema-TSS/network/rpc_network/proto/rpc_network.pb.go:166.38,168.2 1 1
github.com/r-moraru/tema-TSS/network/rpc_network/proto/rpc_network.pb.go:170.36,170.37 0 0
github.com/r-moraru/tema-TSS/network/rpc_network/proto/rpc_network.pb.go:172.58,174.41 2 1
github.com/r-moraru/tema-TSS/network/rpc_network/proto/rpc_network.pb.go:174.41,176.34 2 1
github.com/r-moraru/tema-TSS/network/rpc_network/proto/rpc_network.pb.go:176.34,178.4 1 1
github.com/r-moraru/tema-TSS/network/rpc_network/proto/rpc_network.pb.go:179.3,179.12 1 1
github.com/r-moraru/tema-TSS/network/rpc_network/proto/rpc_network.pb.go:181.2,181.24 1 0
github.com/r-moraru/tema-TSS/network/rpc_network/proto/rpc_network.pb.go:185.49,187.2 1 0
github.com/r-moraru/tema-TSS/network/rpc_network/proto/rpc_network.pb.go:189.43,190.14 1 0
github.com/r-moraru/tema-TSS/network/rpc_network/proto/rpc_network.pb.go:190.14,192.3 1 0
github.com/r-moraru/tema-TSS/network/rpc_network/proto/rpc_network.pb.go:193.2,193.12 1 0
github.com/r-moraru/tema-TSS/network/rpc_network/proto/rpc_network.pb.go:204.24,206.29 2 0
github.com/r-moraru/tema-TSS/network/rpc_network/proto/rpc_network.pb.go:206.29,210.3 3 0
github.com/r-moraru/tema-TSS/network/rpc_network/proto/rpc_network.pb.go:213.32,215.2 1 0
github.com/r-moraru/tema-TSS/network/rpc_network/proto/rpc_network.pb.go:217.30,217.31 0 0
github.com/r-moraru/tema-TSS/network/rpc_network/proto/rpc_network.pb.go:219.52,221.41 2 0
github.com/r-moraru/tema-TSS/network/rpc_network/proto/rpc_network.pb.go:221.41,223.34 2 0
github.com/r-moraru/tema-TSS/network/rpc_network/proto/rpc_network.pb.go:223.34,225.4 1 0
github.com/r-moraru/tema-TSS/network/rpc_network/proto/rpc_network.pb.go:226.3,226.12 1 0
github.com/r-moraru/tema-TSS/network/rpc_network/proto/rpc_network.pb.go:228.2,228.24 1 0
github.com/r-moraru/tema-TSS/network/rpc_network/proto/rpc_network.pb.go:232.43,234.2 1 0
github.com/r-moraru/tema-TSS/network/rpc_network/proto/rpc_network.pb.go:236.33,237.14 1 0
github.com/r-moraru/tema-TSS/network/rpc_network/proto/rpc_network.pb.go:237.14,239.3 1 0
github.com/r-moraru/tema-TSS/network/rpc_network/proto/rpc_network.pb.go:240.2,240.11 1 0
github.com/r-moraru/tema-TSS/network/rpc_network/proto/rpc_network.pb.go:251.37,253.29 2 0
github.com/r-moraru/tema-TSS/network/rpc_network/proto/rpc_network.pb.go:253.29,257.3 3 0
github.com/r-moraru/tema-TSS/network/rpc_network/proto/rpc_network.pb.go:260.45,262.2 1 0
github.com/r-moraru/tema-TSS/network/rpc_network/proto/rpc_network.pb.go:264.43,264.44 0 0
github.com/r-moraru/tema-TSS/network/rpc_network/proto/rpc_network.pb.go:266.65,268.41 2 0
github.com/r-moraru/tema-TSS/network/rpc_network/proto/rpc_network.pb.go:268.41,270.34 2 0
github.com/r-moraru/tema-TSS/network/rpc_network/proto/rpc_network.pb.go:270.34,272.4 1 0
github.com/r-moraru/tema-TSS/network/rpc_network/proto/rpc_network.pb.go:273.3,273.12 1 0
github.com/r-moraru/tema-TSS/network/rpc_network/proto/rpc_network.pb.go:275.2,275.24 1 0
github.com/r-moraru/tema-TSS/network/rpc_network/proto/rpc_network.pb.go:279.56,281.2 1 0
github.com/r-moraru/tema-TSS/network/rpc_network/proto/rpc_network.pb.go:283.48,284.14 1 0
github.com/r-moraru/tema-TSS/network/rpc_network/proto/rpc_network.pb.go:284.14,286.3 1 0
github.com/r-moraru/tema-TSS/network/rpc_network/proto/rpc_network.pb.go:287.2,287.14 1 0
github.com/r-moraru/tema-TSS/network/rpc_network/proto/rpc_network.pb.go:298.42,300.29 2 0
github.com/r-moraru/tema-TSS/network/rpc_network/proto/rpc_network.pb.go:300.29,304.3 3 0
github.com/r-moraru/tema-TSS/network/rpc_network/proto/rpc_network.pb.go:307.50,309.2 1 0
github.com/r-moraru/tema-TSS/network/rpc_network/proto/rpc_network.pb.go:311.48,311.49 0 0
github.com/r-moraru/tema-TSS/network/rpc_network/proto/rpc_network.pb.go:313.70,315.41 2 0
github.com/r-moraru/tema-TSS/network/rpc_network/proto/rpc_network.pb.go:315.41,317.34 2 0
github.com/r-moraru/tema-TSS/network/rpc_network/proto/rpc_network.pb.go:317.34,319.4 1 0
github.com/r-moraru/tema-TSS/network/rpc_network/proto/rpc_network.pb.go:320.3,320.12 1 0
github.com/r-moraru/tema-TSS/network/rpc_network/proto/rpc_network.pb.go:322.2,322.24 1 0
github.com/r-moraru/tema-TSS/network/rpc_network/proto/rpc_network.pb.go:326.61,328.2 1 0
github.com/r-moraru/tema-TSS/network/rpc_network/proto/rpc_network.pb.go:330.53,331.14 1 0
github.com/r-moraru/tema-TSS/network/rpc_network/proto/rpc_network.pb.go:331.14,333.3 1 0
github.com/r-moraru/tema-TSS/network/rpc_network/proto/rpc_network.pb.go:334.2,334.14 1 0
github.com/r-moraru/tema-TSS/network/rpc_network/proto/rpc_network.pb.go:343.41,345.29 2 0
github.com/r-moraru/tema-TSS/network/rpc_network/proto/rpc_network.pb.go:345.29,349.3 3 0
github.com/r-moraru/tema-TSS/network/rpc_network/proto/rpc_network.pb.go:352.49,354.2 1 0
github.com/r-moraru/tema-TSS/network/rpc_network/proto/rpc_network.pb.go:356.47,356.48 0 0
github.com/r-moraru/tema-TSS/network/rpc_network/proto/rpc_network.pb.go:358.69,360.41 2 0
github.com/r-moraru/tema-TSS/network/rpc_network/proto/rpc_network.pb.go:360.41,362.34 2 0
github.com/r-moraru/tema-TSS/network/rpc_network/proto/rpc_network.pb.go:362.34,364.4 1 0
github.com/r-moraru/tema-TSS/network/rpc_network/proto/rpc_network.pb.go:365.3,365.12 1 0
github.com/r-moraru/tema-TSS/network/rpc_network/proto/rpc_network.pb.go:367.2,367.24 1 0
github.com/r-moraru/tema-TSS/network/rpc_network/proto/rpc_network.pb.go:371.60,373.2 1 0
github.com/r-moraru/tema-TSS/network/rpc_network/proto/rpc_network.pb.go:381.36,383.29 2 0
github.com/r-moraru/tema-TSS/network/rpc_network/proto/rpc_network.pb.go:383.29,387.3 3 0
github.com/r-moraru/tema-TSS/network/rpc_network/proto/rpc_network.pb.go:390.44,392.2 1 0
github.com/r-moraru/tema-TSS/network/rpc_network/proto/rpc_network.pb.go:394.42,394.43 0 0
github.com/r-moraru/tema-TSS/network/rpc_network/proto/rpc_network.pb.go:396.64,398.41 2 0
github.com/r-moraru/tema-TSS/network/rpc_network/proto/rpc_network.pb.go:398.41,400.34 2 0
github.com/r-moraru/tema-TSS/network/rpc_network/proto/rpc_network.pb.go:400.34,402.4 1 0
github.com/r-moraru/tema-TSS/network/rpc_network/proto/rpc_network.pb.go:403.3,403.12 1 0
github.com/r-moraru/tema-TSS/network/rpc_network/proto/rpc_network.pb.go:405.2,405.24 1 0
github.com/r-moraru/tema-TSS/network/rpc_network/proto/rpc_network.pb.go:409.55,411.2 1 0
github.com/r-moraru/tema-TSS/network/rpc_network/proto/rpc_network.pb.go:472.50,473.47 1 0
github.com/r-moraru/tema-TSS/network/rpc_network/proto/rpc_network.pb.go:473.47,475.3 1 0
github.com/r-moraru/tema-TSS/network/rpc_network/proto/rpc_network.pb.go:476.2,476.43 1 0
github.com/r-moraru/tema-TSS/network/rpc_network/proto/rpc_network.pb.go:507.13,507.46 1 1
github.com/r-moraru/tema-TSS/network/rpc_network/proto/rpc_network.pb.go:508.36,509.35 1 1
github.com/r-moraru/tema-TSS/network/rpc_network/proto/rpc_network.pb.go:509.35,511.3 1 0
github.com/r-moraru/tema-TSS/network/rpc_network/proto/rpc_network.pb.go:512.2,512.30 1 1
github.com/r-moraru/tema-TSS/network/rpc_network/proto/rpc_network.pb.go:512.30,513.88 1 0
github.com/r-moraru/tema-TSS/network/rpc_network/proto/rpc_network.pb.go:513.88,514.45 1 0
github.com/r-moraru/tema-TSS/network/rpc_network/proto/rpc_network.pb.go:515.11,516.20 1 0
github.com/r-moraru/tema-TSS/network/rpc_network/proto/rpc_network.pb.go:517.11,518.24 1 0
github.com/r-moraru/tema-TSS/network/rpc_network/proto/rpc_network.pb.go:519.11,520.28 1 0
github.com/r-moraru/tema-TSS/network/rpc_network/proto/rpc_network.pb.go:521.12,522.15 1 0
github.com/r-moraru/tema-TSS/network/rpc_network/proto/rpc_network.pb.go:525.3,525.88 1 0
github.com/r-moraru/tema-TSS/network/rpc_network/proto/rpc_network.pb.go:525.88,526.30 1 0
github.com/r-moraru/tema-TSS/network/rpc_network/proto/rpc_network.pb.go:527.11,528.20 1 0
github.com/r-moraru/tema-TSS/network/rpc_network/proto/rpc_network.pb.go:529.11,530.24 1 0
github.com/r-moraru/tema-TSS/network/rpc_network/proto/rpc_network.pb.go:531.11,532.28 1 0
github.com/r-moraru/tema-TSS/network/rpc_network/proto/rpc_network.pb.go:533.12,534.15 1 0
github.com/r-moraru/tema-TSS/network/rpc_network/proto/rpc_network.pb.go:537.3,537.88 1 0
github.com/r-moraru/tema-TSS/network/rpc_network/proto/rpc_network.pb.go:537.88,538.35 1 0
github.com/r-moraru/tema-TSS/network/rpc_network/proto/rpc_network.pb.go:539.11,540.20 1 0
github.com/r-moraru/tema-TSS/network/rpc_network/proto/rpc_network.pb.go:541.11,542.24 1 0
github.com/r-moraru/tema-TSS/network/rpc_network/proto/rpc_network.pb.go:543.11,544.28 1 0
github.com/r-moraru/tema-TSS/network/rpc_network/proto/rpc_network.pb.go:545.12,546.15 1 0
github.com/r-moraru/tema-TSS/network/rpc_network/proto/rpc_network.pb.go:549.3,549.88 1 0
github.com/r-moraru/tema-TSS/network/rpc_network/proto/rpc_network.pb.go:549.88,550.29 1 0
github.com/r-moraru/tema-TSS/network/rpc_network/proto/rpc_network.pb.go:551.11,552.20 1 0
github.com/r-moraru/tema-TSS/network/rpc_network/proto/rpc_network.pb.go:553.11,554.24 1 0
github.com/r-moraru/tema-TSS/network/rpc_network/proto/rpc_network.pb.go:555.11,556.28 1 0
github.com/r-moraru/tema-TSS/network/rpc_network/proto/rpc_network.pb.go:557.12,558.15 1 0
github.com/r-moraru/tema-TSS/network/rpc_network/proto/rpc_network.pb.go:561.3,561.88 1 0
github.com/r-moraru/tema-TSS/network/rpc_network/proto/rpc_network.pb.go:561.88,562.42 1 0
github.com/r-moraru/tema-TSS/network/rpc_network/proto/rpc_network.pb.go:563.11,564.20 1 0
github.com/r-moraru/tema-TSS/network/rpc_network/proto/rpc_network.pb.go:565.11,566.24 1 0
github.com/r-moraru/tema-TSS/network/rpc_network/proto/rpc_network.pb.go:567.11,568.28 1 0
github.com/r-moraru/tema-TSS/network/rpc_network/proto/rpc_network.pb.go:569.12,570.15 1 0
github.com/r-moraru/tema-TSS/network/rpc_network/proto/rpc_network.pb.go:573.3,573.88 1 0
github.com/r-moraru/tema-TSS/network/rpc_network/proto/rpc_network.pb.go:573.88,574.47 1 0
github.com/r-moraru/tema-TSS/network/rpc_network/proto/rpc_network.pb.go:575.11,576.20 1 0
github.com/r-moraru/tema-TSS/network/rpc_network/proto/rpc_network.pb.go:577.11,578.24 1 0
github.com/r-moraru/tema-TSS/network/rpc_network/proto/rpc_network.pb.go:579.11,580.28 1 0
github.com/r-moraru/tema-TSS/network/rpc_network/proto/rpc_network.pb.go:581.12,582.15 1 0
github.com/r-moraru/tema-TSS/network/rpc_network/proto/rpc_network.pb.go:585.3,585.88 1 0
github.com/r-moraru/tema-TSS/network/rpc_network/proto/rpc_network.pb.go:585.88,586.46 1 0
github.com/r-moraru/tema-TSS/network/rpc_network/proto/rpc_network.pb.go:587.11,588.20 1 0
github.com/r-moraru/tema-TSS/network/rpc_network/proto/rpc_network.pb.go:589.11,590.24 1 0
github.com/r-moraru/tema-TSS/network/rpc_network/proto/rpc_network.pb.go:591.11,592.28 1 0
github.com/r-moraru/tema-TSS/network/rpc_network/proto/rpc_network.pb.go:593.12,594.15 1 0
github.com/r-moraru/tema-TSS/network/rpc_network/proto/rpc_network.pb.go:597.3,597.88 1 0
github.com/r-moraru/tema-TSS/network/rpc_network/proto/rpc_network.pb.go:597.88,598.41 1 0
github.com/r-moraru/tema-TSS/network/rpc_network/proto/rpc_network.pb.go:599.11,600.20 1 0
github.com/r-moraru/tema-TSS/network/rpc_network/proto/rpc_network.pb.go:601.11,602.24 1 0
github.com/r-moraru/tema-TSS/network/rpc_network/proto/rpc_network.pb.go:603.11,604.28 1 0
github.com/r-moraru/tema-TSS/network/rpc_network/proto/rpc_network.pb.go:605.12,606.15 1 0
github.com/r-moraru/tema-TSS/network/rpc_network/proto/rpc_network.pb.go:610.2,627.38 6 1
github.com/r-moraru/tema-TSS/network/rpc_network/proto/rpc_network_grpc.pb.go:42.72,44.2 1 0
github.com/r-moraru/tema-TSS/network/rpc_network/proto/rpc_network_grpc.pb.go:46.123,49.16 3 0
github.com/r-moraru/tema-TSS/network/rpc_network/proto/rpc_network_grpc.pb.go:49.16,51.3 1 0
github.com/r-moraru/tema-TSS/network/rpc_network/proto/rpc_network_grpc.pb.go:52.2,52.17 1 0
github.com/r-moraru/tema-TSS/network/rpc_network/proto/rpc_network_grpc.pb.go:55.138,58.16 3 0
github.com/r-moraru/tema-TSS/network/rpc_network/proto/rpc_network_grpc.pb.go:58.16,60.3 1 0
github.com/r-moraru/tema-TSS/network/rpc_network/proto/rpc_network_grpc.pb.go:61.2,61.17 1 0
github.com/r-moraru/tema-TSS/network/rpc_network/proto/rpc_network_grpc.pb.go:64.146,67.16 3 0
github.com/r-moraru/tema-TSS/network/rpc_network/proto/rpc_network_grpc.pb.go:67.16,69.3 1 0
github.com/r-moraru/tema-TSS/network/rpc_network/proto/rpc_network_grpc.pb.go:70.2,70.17 1 0
github.com/r-moraru/tema-TSS/network/rpc_network/proto/rpc_network_grpc.pb.go:73.120,76.16 3 0
github.com/r-moraru/tema-TSS/network/rpc_network/proto/rpc_network_grpc.pb.go:76.16,78.3 1 0
github.com/r-moraru/tema-TSS/network/rpc_network/proto/rpc_network_grpc.pb.go:79.2,79.17 1 0
github.com/r-moraru/tema-TSS/network/rpc_network/proto/rpc_network_grpc.pb.go:97.101,99.2 1 0
github.com/r-moraru/tema-TSS/network/rpc_network/proto/rpc_network_grpc.pb.go:100.116,102.2 1 0
github.com/r-moraru/tema-TSS/network/rpc_network/proto/rpc_network_grpc.pb.go:103.124,105.2 1 0
github.com/r-moraru/tema-TSS/network/rpc_network/proto/rpc_network_grpc.pb.go:106.98,108.2 1 0
github.com/r-moraru/tema-TSS/network/rpc_network/proto/rpc_network_grpc.pb.go:109.80,109.81 0 0
github.com/r-moraru/tema-TSS/network/rpc_network/proto/rpc_network_grpc.pb.go:118.78,120.2 1 1
github.com/r-moraru/tema-TSS/network/rpc_network/proto/rpc_network_grpc.pb.go:122.165,124.32 2 0
github.com/r-moraru/tema-TSS/network/rpc_network/proto/rpc_network_grpc.pb.go:124.32,126.3 1 0
github.com/r-moraru/tema-TSS/network/rpc_network/proto/rpc_network_grpc.pb.go:127.2,127.24 1 0
github.com/r-moraru/tema-TSS/network/rpc_network/proto/rpc_network_grpc.pb.go:127.24,129.3 1 0
github.com/r-moraru/tema-TSS/network/rpc_network/proto/rpc_network_grpc.pb.go:130.2,134.77 2 0
github.com/r-moraru/tema-TSS/network/rpc_network/proto/rpc_network_grpc.pb.go:134.77,136.3 1 0
github.com/r-moraru/tema-TSS/network/rpc_network/proto/rpc_network_grpc.pb.go:137.2,137.44 1 0
github.com/r-moraru/tema-TSS/network/rpc_network/proto/rpc_network_grpc.pb.go:140.170,142.32 2 0
github.com/r-moraru/tema-TSS/network/rpc_network/proto/rpc_network_grpc.pb.go:142.32,144.3 1 0
github.com/r-moraru/tema-TSS/network/rpc_network/proto/rpc_network_grpc.pb.go:145.2,145.24 1 0
github.com/r-moraru/tema-TSS/network/rpc_network/proto/rpc_network_grpc.pb.go:145.24,147.3 1 0
github.com/r-moraru/tema-TSS/network/rpc_network/proto/rpc_network_grpc.pb.go:148.2,152.77 2 0
github.com/r-moraru/tema-TSS/network/rpc_network/proto/rpc_network_grpc.pb.go:152.77,154.3 1 0
github.com/r-moraru/tema-TSS/network/rpc_network/proto/rpc_network_grpc.pb.go:155.2,155.44 1 0
github.com/r-moraru/tema-TSS/network/rpc_network/proto/rpc_network_grpc.pb.go:158.169,160.32 2 0
github.com/r-moraru/tema-TSS/network/rpc_network/proto/rpc_network_grpc.pb.go:160.32,162.3 1 0
github.com/r-moraru/tema-TSS/network/rpc_network/proto/rpc_network_grpc.pb.go:163.2,163.24 1 0
github.com/r-moraru/tema-TSS/network/rpc_network/proto/rpc_network_grpc.pb.go:163.24,165.3 1 0
github.com/r-moraru/tema-TSS/network/rpc_network/proto/rpc_network_grpc.pb.go:166.2,170.77 2 0
github.com/r-moraru/tema-TSS/network/rpc_network/proto/rpc_network_grpc.pb.go:170.77,172.3 1 0
github.com/r-moraru/tema-TSS/network/rpc_network/proto/rpc_network_grpc.pb.go:173.2,173.44 1 0
github.com/r-moraru/tema-TSS/network/rpc_network/proto/rpc_network_grpc.pb.go:176.164,178.32 2 0
github.com/r-moraru/tema-TSS/network/rpc_network/proto/rpc_network_grpc.pb.go:178.32,180.3 1 0
github.com/r-moraru/tema-TSS/network/rpc_network/proto/rpc_network_grpc.pb.go:181.2,181.24 1 0
github.com/r-moraru/tema-TSS/network/rpc_network/proto/rpc_network_grpc.pb.go:181.24,183.3 1 0
github.com/r-moraru/tema-TSS/network/rpc_network/proto/rpc_network_grpc.pb.go:184.2,188.77 2 0
github.com/r-moraru/tema-TSS/network/rpc_network/proto/rpc_network_grpc.pb.go:188.77,190.3 1 0
github.com/r-moraru/tema-TSS/network/rpc_network/proto/rpc_network_grpc.pb.go:191.2,191.44 1 0
github.com/r-moraru/tema-TSS/network/mocks/Network.go:21.47,23.2 1 1
github.com/r-moraru/tema-TSS/network/mocks/Network.go:26.54,29.19 2 1
github.com/r-moraru/tema-TSS/network/mocks/Network.go:29.19,30.59 1 0
github.com/r-moraru/tema-TSS/network/mocks/Network.go:33.2,34.53 2 1
github.com/r-moraru/tema-TSS/network/mocks/Network.go:34.53,36.3 1 0
github.com/r-moraru/tema-TSS/network/mocks/Network.go:36.8,37.24 1 1
github.com/r-moraru/tema-TSS/network/mocks/Network.go:37.24,39.4 1 1
github.com/r-moraru/tema-TSS/network/mocks/Network.go:42.2,42.11 1 1
github.com/r-moraru/tema-TSS/network/mocks/Network.go:51.81,53.2 1 1
github.com/r-moraru/tema-TSS/network/mocks/Network.go:55.91,56.40 1 0
github.com/r-moraru/tema-TSS/network/mocks/Network.go:56.40,58.3 1 0
github.com/r-moraru/tema-TSS/network/mocks/Network.go:59.2,59.11 1 0
github.com/r-moraru/tema-TSS/network/mocks/Network.go:62.101,65.2 2 1
github.com/r-moraru/tema-TSS/network/mocks/Network.go:67.114,70.2 2 0
github.com/r-moraru/tema-TSS/network/mocks/Network.go:73.58,76.19 2 1
github.com/r-moraru/tema-TSS/network/mocks/Network.go:76.19,77.50 1 0
github.com/r-moraru/tema-TSS/network/mocks/Network.go:80.2,81.62 2 1
github.com/r-moraru/tema-TSS/network/mocks/Network.go:81.62,83.3 1 0
github.com/r-moraru/tema-TSS/network/mocks/Network.go:83.8,84.24 1 1
github.com/r-moraru/tema-TSS/network/mocks/Network.go:84.24,86.4 1 1
github.com/r-moraru/tema-TSS/network/mocks/Network.go:89.2,89.11 1 1
github.com/r-moraru/tema-TSS/network/mocks/Network.go:99.78,101.2 1 1
github.com/r-moraru/tema-TSS/network/mocks/Network.go:103.83,104.40 1 0
github.com/r-moraru/tema-TSS/network/mocks/Network.go:104.40,106.3 1 0
github.com/r-moraru/tema-TSS/network/mocks/Network.go:107.2,107.11 1 0
github.com/r-moraru/tema-TSS/network/mocks/Network.go:110.86,113.2 2 1
github.com/r-moraru/tema-TSS/network/mocks/Network.go:115.105,118.2 2 0
github.com/r-moraru/tema-TSS/network/mocks/Network.go:121.63,124.19 2 1
github.com/r-moraru/tema-TSS/network/mocks/Network.go:124.19,125.55 1 0
github.com/r-moraru/tema-TSS/network/mocks/Network.go:128.2,129.66 2 1
github.com/r-moraru/tema-TSS/network/mocks/Network.go:129.66,131.3 1 0
github.com/r-moraru/tema-TSS/network/mocks/Network.go:131.8,132.24 1 1
github.com/r-moraru/tema-TSS/network/mocks/Network.go:132.24,134.4 1 1
github.com/r-moraru/tema-TSS/network/mocks/Network.go:137.2,137.11 1 1
github.com/r-moraru/tema-TSS/network/mocks/Network.go:146.73,148.2 1 1
github.com/r-moraru/tema-TSS/network/mocks/Network.go:150.83,151.40 1 0
github.com/r-moraru/tema-TSS/network/mocks/Network.go:151.40,153.3 1 0
github.com/r-moraru/tema-TSS/network/mocks/Network.go:154.2,154.11 1 0
github.com/r-moraru/tema-TSS/network/mocks/Network.go:157.106,160.2 2 1
github.com/r-moraru/tema-TSS/network/mocks/Network.go:162.119,165.2 2 0
github.com/r-moraru/tema-TSS/network/mocks/Network.go:168.42,171.19 2 1
github.com/r-moraru/tema-TSS/network/mocks/Network.go:171.19,172.49 1 0
github.com/r-moraru/tema-TSS/network/mocks/Network.go:175.2,176.51 2 1
github.com/r-moraru/tema-TSS/network/mocks/Network.go:176.51,178.3 1 0
github.com/r-moraru/tema-TSS/network/mocks/Network.go:178.8,179.24 1 1
github.com/r-moraru/tema-TSS/network/mocks/Network.go:179.24,181.4 1 1
github.com/r-moraru/tema-TSS/network/mocks/Network.go:184.2,184.11 1 1
github.com/r-moraru/tema-TSS/network/mocks/Network.go:193.61,195.2 1 1
github.com/r-moraru/tema-TSS/network/mocks/Network.go:197.71,198.40 1 0
github.com/r-moraru/tema-TSS/network/mocks/Network.go:198.40,200.3 1 0
github.com/r-moraru/tema-TSS/network/mocks/Network.go:201.2,201.11 1 0
github.com/r-moraru/tema-TSS/network/mocks/Network.go:204.79,207.2 2 1
github.com/r-moraru/tema-TSS/network/mocks/Network.go:209.92,212.2 2 0
github.com/r-moraru/tema-TSS/network/mocks/Network.go:215.47,217.2 1 1
github.com/r-moraru/tema-TSS/network/mocks/Network.go:226.80,228.2 1 1
github.com/r-moraru/tema-TSS/network/mocks/Network.go:230.90,231.40 1 0
github.com/r-moraru/tema-TSS/network/mocks/Network.go:231.40,233.3 1 0
github.com/r-moraru/tema-TSS/network/mocks/Network.go:234.2,234.11 1 0
github.com/r-moraru/tema-TSS/network/mocks/Network.go:237.68,240.2 2 0
github.com/r-moraru/tema-TSS/network/mocks/Network.go:242.95,245.2 2 0
github.com/r-moraru/tema-TSS/network/mocks/Network.go:248.62,250.2 1 1
github.com/r-moraru/tema-TSS/network/mocks/Network.go:259.90,261.2 1 1
github.com/r-moraru/tema-TSS/network/mocks/Network.go:263.110,264.40 1 0
github.com/r-moraru/tema-TSS/network/mocks/Network.go:264.40,266.3 1 0
github.com/r-moraru/tema-TSS/network/mocks/Network.go:267.2,267.11 1 0
github.com/r-moraru/tema-TSS/network/mocks/Network.go:270.78,273.2 2 0
github.com/r-moraru/tema-TSS/network/mocks/Network.go:275.115,278.2 2 0
github.com/r-moraru/tema-TSS/network/mocks/Network.go:281.44,283.2 1 1
github.com/r-moraru/tema-TSS/network/mocks/Network.go:291.89,293.2 1 1
github.com/r-moraru/tema-TSS/network/mocks/Network.go:295.99,296.40 1 0
github.com/r-moraru/tema-TSS/network/mocks/Network.go:296.40,298.3 1 0
github.com/r-moraru/tema-TSS/network/mocks/Network.go:299.2,299.11 1 0
github.com/r-moraru/tema-TSS/network/mocks/Network.go:302.92,305.2 2 0
github.com/r-moraru/tema-TSS/network/mocks/Network.go:307.108,310.2 2 0
github.com/r-moraru/tema-TSS/network/mocks/Network.go:313.27,315.2 1 0
github.com/r-moraru/tema-TSS/network/mocks/Network.go:323.55,325.2 1 0
github.com/r-moraru/tema-TSS/network/mocks/Network.go:327.65,328.40 1 0
github.com/r-moraru/tema-TSS/network/mocks/Network.go:328.40,330.3 1 0
github.com/r-moraru/tema-TSS/network/mocks/Network.go:331.2,331.11 1 0
github.com/r-moraru/tema-TSS/network/mocks/Network.go:334.58,337.2 2 0
github.com/r-moraru/tema-TSS/network/mocks/Network.go:339.74,342.2 2 0
github.com/r-moraru/tema-TSS/network/mocks/Network.go:349.13,353.19 3 1
github.com/r-moraru/tema-TSS/network/mocks/Network.go:353.19,353.49 1 1
github.com/r-moraru/tema-TSS/network/mocks/Network.go:355.2,355.13 1 1
github.com/r-moraru/tema-TSS/node/node.go:20.64,24.16 3 1
github.com/r-moraru/tema-TSS/node/node.go:24.16,26.3 1 1
github.com/r-moraru/tema-TSS/node/node.go:26.8,28.3 1 1
github.com/r-moraru/tema-TSS/node/node.go:30.2,32.112 2 1
github.com/r-moraru/tema-TSS/node/node.go:32.112,34.3 1 1
github.com/r-moraru/tema-TSS/node/node.go:37.49,39.9 2 1
github.com/r-moraru/tema-TSS/node/node.go:39.9,41.3 1 1
github.com/r-moraru/tema-TSS/node/node.go:42.2,42.24 1 1
github.com/r-moraru/tema-TSS/node/node.go:42.24,44.3 1 1
github.com/r-moraru/tema-TSS/node/node.go:46.2,51.13 5 1
github.com/r-moraru/tema-TSS/node/node.go:54.63,66.2 9 1
github.com/r-moraru/tema-TSS/node/node.go:68.47,71.16 3 1
github.com/r-moraru/tema-TSS/node/node.go:71.16,73.3 1 1
github.com/r-moraru/tema-TSS/node/node.go:75.2,78.12 3 1
github.com/r-moraru/tema-TSS/node/node.go:78.12,80.3 1 1
github.com/r-moraru/tema-TSS/node/node.go:82.2,82.18 1 1
github.com/r-moraru/tema-TSS/node/node.go:85.42,87.2 1 1
github.com/r-moraru/tema-TSS/node/node.go:89.42,91.2 1 1
github.com/r-moraru/tema-TSS/node/node.go:93.44,95.16 2 1
github.com/r-moraru/tema-TSS/node/node.go:95.16,97.3 1 1
github.com/r-moraru/tema-TSS/node/node.go:98.2,98.19 1 1
github.com/r-moraru/tema-TSS/node/node.go:101.31,102.9 1 1
github.com/r-moraru/tema-TSS/node/node.go:103.56,104.37 1 1
github.com/r-moraru/tema-TSS/node/node.go:105.66,106.27 1 1
github.com/r-moraru/tema-TSS/node/node.go:107.39,109.25 2 1
github.com/r-moraru/tema-TSS/node/node.go:110.37,111.26 1 1
github.com/r-moraru/tema-TSS/node/node.go:112.39,113.69 1 1
github.com/r-moraru/tema-TSS/node/node.go:117.41,118.6 1 0
github.com/r-moraru/tema-TSS/node/node.go:118.6,119.10 1 0
github.com/r-moraru/tema-TSS/node/node.go:120.21,121.10 1 0
github.com/r-moraru/tema-TSS/node/node.go:122.11,123.20 1 0
github.com/r-moraru/tema-TSS/block/block.go:19.61,28.2 3 1
github.com/r-moraru/tema-TSS/block/block.go:30.34,32.16 2 1
github.com/r-moraru/tema-TSS/block/block.go:32.16,34.3 1 0
github.com/r-moraru/tema-TSS/block/block.go:35.2,35.52 1 1
github.com/r-moraru/tema-TSS/block/block.go:38.50,40.43 2 1
github.com/r-moraru/tema-TSS/block/block.go:40.43,43.3 2 1
github.com/r-moraru/tema-TSS/block/block.go:44.2,44.15 1 1
github.com/r-moraru/tema-TSS/block/block.go:47.34,53.2 5 1
