mode: set
github.com/r-moraru/tema-TSS/node/node.go:22.64,26.16 3 1
github.com/r-moraru/tema-TSS/node/node.go:32.2,34.112 2 1
github.com/r-moraru/tema-TSS/node/node.go:26.16,28.3 1 1
github.com/r-moraru/tema-TSS/node/node.go:28.8,30.3 1 1
github.com/r-moraru/tema-TSS/node/node.go:34.112,36.3 1 1
github.com/r-moraru/tema-TSS/node/node.go:39.49,41.9 2 1
github.com/r-moraru/tema-TSS/node/node.go:44.2,45.24 2 1
github.com/r-moraru/tema-TSS/node/node.go:49.2,54.13 5 1
github.com/r-moraru/tema-TSS/node/node.go:41.9,43.3 1 1
github.com/r-moraru/tema-TSS/node/node.go:45.24,47.3 1 1
github.com/r-moraru/tema-TSS/node/node.go:57.63,68.2 8 1
github.com/r-moraru/tema-TSS/node/node.go:70.47,73.9 3 1
github.com/r-moraru/tema-TSS/node/node.go:77.2,80.12 3 1
github.com/r-moraru/tema-TSS/node/node.go:84.2,84.18 1 1
github.com/r-moraru/tema-TSS/node/node.go:73.9,75.3 1 1
github.com/r-moraru/tema-TSS/node/node.go:80.12,82.3 1 1
github.com/r-moraru/tema-TSS/node/node.go:87.42,89.2 1 1
github.com/r-moraru/tema-TSS/node/node.go:91.42,93.2 1 1
github.com/r-moraru/tema-TSS/node/node.go:95.44,97.16 2 1
github.com/r-moraru/tema-TSS/node/node.go:100.2,100.19 1 1
github.com/r-moraru/tema-TSS/node/node.go:97.16,99.3 1 0
github.com/r-moraru/tema-TSS/node/node.go:103.31,104.9 1 1
github.com/r-moraru/tema-TSS/node/node.go:105.66,106.27 1 1
github.com/r-moraru/tema-TSS/node/node.go:107.39,109.25 2 1
github.com/r-moraru/tema-TSS/node/node.go:110.49,111.30 1 1
github.com/r-moraru/tema-TSS/node/node.go:112.37,113.28 1 1
github.com/r-moraru/tema-TSS/node/node.go:117.41,118.6 1 0
github.com/r-moraru/tema-TSS/node/node.go:118.6,119.10 1 0
github.com/r-moraru/tema-TSS/node/node.go:120.21,121.10 1 0
github.com/r-moraru/tema-TSS/node/node.go:122.11,123.20 1 0
