mode: set
github.com/r-moraru/tema-TSS/node/node.go:21.64,25.16 3 1
github.com/r-moraru/tema-TSS/node/node.go:31.2,33.112 2 1
github.com/r-moraru/tema-TSS/node/node.go:25.16,27.3 1 1
github.com/r-moraru/tema-TSS/node/node.go:27.8,29.3 1 1
github.com/r-moraru/tema-TSS/node/node.go:33.112,35.3 1 1
github.com/r-moraru/tema-TSS/node/node.go:38.49,40.9 2 1
github.com/r-moraru/tema-TSS/node/node.go:43.2,43.24 1 1
github.com/r-moraru/tema-TSS/node/node.go:47.2,52.13 5 1
github.com/r-moraru/tema-TSS/node/node.go:40.9,42.3 1 1
github.com/r-moraru/tema-TSS/node/node.go:43.24,45.3 1 1
github.com/r-moraru/tema-TSS/node/node.go:55.63,66.2 8 1
github.com/r-moraru/tema-TSS/node/node.go:68.47,71.9 3 1
github.com/r-moraru/tema-TSS/node/node.go:75.2,78.12 3 1
github.com/r-moraru/tema-TSS/node/node.go:82.2,82.18 1 1
github.com/r-moraru/tema-TSS/node/node.go:71.9,73.3 1 1
github.com/r-moraru/tema-TSS/node/node.go:78.12,80.3 1 1
github.com/r-moraru/tema-TSS/node/node.go:85.42,87.2 1 1
github.com/r-moraru/tema-TSS/node/node.go:89.42,91.2 1 1
github.com/r-moraru/tema-TSS/node/node.go:93.44,95.16 2 1
github.com/r-moraru/tema-TSS/node/node.go:98.2,98.19 1 1
github.com/r-moraru/tema-TSS/node/node.go:95.16,97.3 1 1
github.com/r-moraru/tema-TSS/node/node.go:101.31,102.9 1 1
github.com/r-moraru/tema-TSS/node/node.go:103.66,104.27 1 1
github.com/r-moraru/tema-TSS/node/node.go:105.39,107.25 2 1
github.com/r-moraru/tema-TSS/node/node.go:108.49,109.30 1 1
github.com/r-moraru/tema-TSS/node/node.go:110.37,111.28 1 1
github.com/r-moraru/tema-TSS/node/node.go:115.41,116.6 1 0
github.com/r-moraru/tema-TSS/node/node.go:116.6,117.10 1 0
github.com/r-moraru/tema-TSS/node/node.go:118.21,119.10 1 0
github.com/r-moraru/tema-TSS/node/node.go:120.11,121.20 1 0
